{"D:\\LogStudio\\src\\renderer\\App.tsx": {"path":"D:\\LogStudio\\src\\renderer\\App.tsx","all":false,"statementMap":{"0":{"start":{"line":1,"column":0},"end":{"line":1,"column":73}},"1":{"start":{"line":2,"column":0},"end":{"line":2,"column":47}},"2":{"start":{"line":3,"column":0},"end":{"line":3,"column":43}},"3":{"start":{"line":4,"column":0},"end":{"line":4,"column":61}},"4":{"start":{"line":5,"column":0},"end":{"line":5,"column":43}},"5":{"start":{"line":6,"column":0},"end":{"line":6,"column":43}},"6":{"start":{"line":7,"column":0},"end":{"line":7,"column":55}},"7":{"start":{"line":8,"column":0},"end":{"line":8,"column":49}},"8":{"start":{"line":9,"column":0},"end":{"line":9,"column":45}},"9":{"start":{"line":10,"column":0},"end":{"line":10,"column":75}},"10":{"start":{"line":11,"column":0},"end":{"line":11,"column":19}},"11":{"start":{"line":12,"column":0},"end":{"line":12,"column":0}},"12":{"start":{"line":13,"column":0},"end":{"line":13,"column":16}},"13":{"start":{"line":14,"column":0},"end":{"line":14,"column":72}},"14":{"start":{"line":15,"column":0},"end":{"line":15,"column":46}},"15":{"start":{"line":16,"column":0},"end":{"line":16,"column":70}},"16":{"start":{"line":17,"column":0},"end":{"line":17,"column":58}},"17":{"start":{"line":18,"column":0},"end":{"line":18,"column":52}},"18":{"start":{"line":19,"column":0},"end":{"line":19,"column":66}},"19":{"start":{"line":20,"column":0},"end":{"line":20,"column":0}},"20":{"start":{"line":21,"column":0},"end":{"line":21,"column":32}},"21":{"start":{"line":22,"column":0},"end":{"line":22,"column":19}},"22":{"start":{"line":23,"column":0},"end":{"line":23,"column":42}},"23":{"start":{"line":24,"column":0},"end":{"line":24,"column":37}},"24":{"start":{"line":25,"column":0},"end":{"line":25,"column":34}},"25":{"start":{"line":26,"column":0},"end":{"line":26,"column":12}},"26":{"start":{"line":27,"column":0},"end":{"line":27,"column":37}},"27":{"start":{"line":28,"column":0},"end":{"line":28,"column":5}},"28":{"start":{"line":29,"column":0},"end":{"line":29,"column":23}},"29":{"start":{"line":30,"column":0},"end":{"line":30,"column":0}},"30":{"start":{"line":31,"column":0},"end":{"line":31,"column":36}},"31":{"start":{"line":32,"column":0},"end":{"line":32,"column":19}},"32":{"start":{"line":33,"column":0},"end":{"line":33,"column":42}},"33":{"start":{"line":34,"column":0},"end":{"line":34,"column":73}},"34":{"start":{"line":35,"column":0},"end":{"line":35,"column":26}},"35":{"start":{"line":36,"column":0},"end":{"line":36,"column":0}},"36":{"start":{"line":37,"column":0},"end":{"line":37,"column":15}},"37":{"start":{"line":38,"column":0},"end":{"line":38,"column":63}},"38":{"start":{"line":39,"column":0},"end":{"line":39,"column":40}},"39":{"start":{"line":40,"column":0},"end":{"line":40,"column":65}},"40":{"start":{"line":41,"column":0},"end":{"line":41,"column":32}},"41":{"start":{"line":42,"column":0},"end":{"line":42,"column":97}},"42":{"start":{"line":43,"column":0},"end":{"line":43,"column":64}},"43":{"start":{"line":44,"column":0},"end":{"line":44,"column":18}},"44":{"start":{"line":45,"column":0},"end":{"line":45,"column":5}},"45":{"start":{"line":46,"column":0},"end":{"line":46,"column":66}},"46":{"start":{"line":47,"column":0},"end":{"line":47,"column":31}},"47":{"start":{"line":48,"column":0},"end":{"line":48,"column":27}},"48":{"start":{"line":49,"column":0},"end":{"line":49,"column":26}},"49":{"start":{"line":50,"column":0},"end":{"line":50,"column":0}},"50":{"start":{"line":51,"column":0},"end":{"line":51,"column":41}},"51":{"start":{"line":52,"column":0},"end":{"line":52,"column":65}},"52":{"start":{"line":53,"column":0},"end":{"line":53,"column":32}},"53":{"start":{"line":54,"column":0},"end":{"line":54,"column":52}},"54":{"start":{"line":55,"column":0},"end":{"line":55,"column":64}},"55":{"start":{"line":56,"column":0},"end":{"line":56,"column":27}},"56":{"start":{"line":57,"column":0},"end":{"line":57,"column":13}},"57":{"start":{"line":58,"column":0},"end":{"line":58,"column":26}},"58":{"start":{"line":59,"column":0},"end":{"line":59,"column":0}},"59":{"start":{"line":60,"column":0},"end":{"line":60,"column":40}},"60":{"start":{"line":61,"column":0},"end":{"line":61,"column":65}},"61":{"start":{"line":62,"column":0},"end":{"line":62,"column":30}},"62":{"start":{"line":63,"column":0},"end":{"line":63,"column":81}},"63":{"start":{"line":64,"column":0},"end":{"line":64,"column":64}},"64":{"start":{"line":65,"column":0},"end":{"line":65,"column":33}},"65":{"start":{"line":66,"column":0},"end":{"line":66,"column":5}},"66":{"start":{"line":67,"column":0},"end":{"line":67,"column":58}},"67":{"start":{"line":68,"column":0},"end":{"line":68,"column":26}},"68":{"start":{"line":69,"column":0},"end":{"line":69,"column":65}},"69":{"start":{"line":70,"column":0},"end":{"line":70,"column":49}},"70":{"start":{"line":71,"column":0},"end":{"line":71,"column":0}},"71":{"start":{"line":72,"column":0},"end":{"line":72,"column":19}},"72":{"start":{"line":73,"column":0},"end":{"line":73,"column":43}},"73":{"start":{"line":74,"column":0},"end":{"line":74,"column":55}},"74":{"start":{"line":75,"column":0},"end":{"line":75,"column":68}},"75":{"start":{"line":76,"column":0},"end":{"line":76,"column":44}},"76":{"start":{"line":77,"column":0},"end":{"line":77,"column":80}},"77":{"start":{"line":78,"column":0},"end":{"line":78,"column":9}},"78":{"start":{"line":79,"column":0},"end":{"line":79,"column":9}},"79":{"start":{"line":80,"column":0},"end":{"line":80,"column":5}},"80":{"start":{"line":81,"column":0},"end":{"line":81,"column":9}},"81":{"start":{"line":82,"column":0},"end":{"line":82,"column":0}},"82":{"start":{"line":83,"column":0},"end":{"line":83,"column":19}},"83":{"start":{"line":84,"column":0},"end":{"line":84,"column":27}},"84":{"start":{"line":85,"column":0},"end":{"line":85,"column":17}},"85":{"start":{"line":86,"column":0},"end":{"line":86,"column":0}},"86":{"start":{"line":87,"column":0},"end":{"line":87,"column":62}},"87":{"start":{"line":88,"column":0},"end":{"line":88,"column":29}},"88":{"start":{"line":89,"column":0},"end":{"line":89,"column":4}},"89":{"start":{"line":90,"column":0},"end":{"line":90,"column":0}},"90":{"start":{"line":91,"column":0},"end":{"line":91,"column":35}},"91":{"start":{"line":92,"column":0},"end":{"line":92,"column":66}},"92":{"start":{"line":93,"column":0},"end":{"line":93,"column":58}},"93":{"start":{"line":94,"column":0},"end":{"line":94,"column":4}},"94":{"start":{"line":95,"column":0},"end":{"line":95,"column":0}},"95":{"start":{"line":96,"column":0},"end":{"line":96,"column":38}},"96":{"start":{"line":97,"column":0},"end":{"line":97,"column":9}},"97":{"start":{"line":98,"column":0},"end":{"line":98,"column":32}},"98":{"start":{"line":99,"column":0},"end":{"line":99,"column":54}},"99":{"start":{"line":100,"column":0},"end":{"line":100,"column":87}},"100":{"start":{"line":101,"column":0},"end":{"line":101,"column":15}},"101":{"start":{"line":102,"column":0},"end":{"line":102,"column":7}},"102":{"start":{"line":103,"column":0},"end":{"line":103,"column":0}},"103":{"start":{"line":104,"column":0},"end":{"line":104,"column":44}},"104":{"start":{"line":105,"column":0},"end":{"line":105,"column":63}},"105":{"start":{"line":106,"column":0},"end":{"line":106,"column":49}},"106":{"start":{"line":107,"column":0},"end":{"line":107,"column":0}},"107":{"start":{"line":108,"column":0},"end":{"line":108,"column":46}},"108":{"start":{"line":109,"column":0},"end":{"line":109,"column":55}},"109":{"start":{"line":110,"column":0},"end":{"line":110,"column":39}},"110":{"start":{"line":111,"column":0},"end":{"line":111,"column":35}},"111":{"start":{"line":112,"column":0},"end":{"line":112,"column":48}},"112":{"start":{"line":113,"column":0},"end":{"line":113,"column":14}},"113":{"start":{"line":114,"column":0},"end":{"line":114,"column":66}},"114":{"start":{"line":115,"column":0},"end":{"line":115,"column":72}},"115":{"start":{"line":116,"column":0},"end":{"line":116,"column":7}},"116":{"start":{"line":117,"column":0},"end":{"line":117,"column":21}},"117":{"start":{"line":118,"column":0},"end":{"line":118,"column":59}},"118":{"start":{"line":119,"column":0},"end":{"line":119,"column":82}},"119":{"start":{"line":120,"column":0},"end":{"line":120,"column":5}},"120":{"start":{"line":121,"column":0},"end":{"line":121,"column":4}},"121":{"start":{"line":122,"column":0},"end":{"line":122,"column":0}},"122":{"start":{"line":123,"column":0},"end":{"line":123,"column":59}},"123":{"start":{"line":124,"column":0},"end":{"line":124,"column":45}},"124":{"start":{"line":125,"column":0},"end":{"line":125,"column":70}},"125":{"start":{"line":126,"column":0},"end":{"line":126,"column":4}},"126":{"start":{"line":127,"column":0},"end":{"line":127,"column":22}},"127":{"start":{"line":128,"column":0},"end":{"line":128,"column":31}},"128":{"start":{"line":129,"column":0},"end":{"line":129,"column":37}},"129":{"start":{"line":130,"column":0},"end":{"line":130,"column":12}},"130":{"start":{"line":131,"column":0},"end":{"line":131,"column":25}},"131":{"start":{"line":132,"column":0},"end":{"line":132,"column":86}},"132":{"start":{"line":133,"column":0},"end":{"line":133,"column":27}},"133":{"start":{"line":134,"column":0},"end":{"line":134,"column":21}},"134":{"start":{"line":135,"column":0},"end":{"line":135,"column":17}},"135":{"start":{"line":136,"column":0},"end":{"line":136,"column":31}},"136":{"start":{"line":137,"column":0},"end":{"line":137,"column":23}},"137":{"start":{"line":138,"column":0},"end":{"line":138,"column":8}},"138":{"start":{"line":139,"column":0},"end":{"line":139,"column":6}},"139":{"start":{"line":140,"column":0},"end":{"line":140,"column":43}},"140":{"start":{"line":141,"column":0},"end":{"line":141,"column":31}},"141":{"start":{"line":142,"column":0},"end":{"line":142,"column":5}},"142":{"start":{"line":143,"column":0},"end":{"line":143,"column":13}},"143":{"start":{"line":144,"column":0},"end":{"line":144,"column":0}},"144":{"start":{"line":145,"column":0},"end":{"line":145,"column":71}},"145":{"start":{"line":146,"column":0},"end":{"line":146,"column":39}},"146":{"start":{"line":147,"column":0},"end":{"line":147,"column":4}},"147":{"start":{"line":148,"column":0},"end":{"line":148,"column":33}},"148":{"start":{"line":149,"column":0},"end":{"line":149,"column":34}},"149":{"start":{"line":150,"column":0},"end":{"line":150,"column":13}},"150":{"start":{"line":151,"column":0},"end":{"line":151,"column":5}},"151":{"start":{"line":152,"column":0},"end":{"line":152,"column":0}},"152":{"start":{"line":153,"column":0},"end":{"line":153,"column":80}},"153":{"start":{"line":154,"column":0},"end":{"line":154,"column":50}},"154":{"start":{"line":155,"column":0},"end":{"line":155,"column":44}},"155":{"start":{"line":156,"column":0},"end":{"line":156,"column":41}},"156":{"start":{"line":157,"column":0},"end":{"line":157,"column":61}},"157":{"start":{"line":158,"column":0},"end":{"line":158,"column":7}},"158":{"start":{"line":159,"column":0},"end":{"line":159,"column":19}},"159":{"start":{"line":160,"column":0},"end":{"line":160,"column":7}},"160":{"start":{"line":161,"column":0},"end":{"line":161,"column":0}},"161":{"start":{"line":162,"column":0},"end":{"line":162,"column":22}},"162":{"start":{"line":163,"column":0},"end":{"line":163,"column":37}},"163":{"start":{"line":164,"column":0},"end":{"line":164,"column":12}},"164":{"start":{"line":165,"column":0},"end":{"line":165,"column":86}},"165":{"start":{"line":166,"column":0},"end":{"line":166,"column":27}},"166":{"start":{"line":167,"column":0},"end":{"line":167,"column":21}},"167":{"start":{"line":168,"column":0},"end":{"line":168,"column":53}},"168":{"start":{"line":169,"column":0},"end":{"line":169,"column":69}},"169":{"start":{"line":170,"column":0},"end":{"line":170,"column":31}},"170":{"start":{"line":171,"column":0},"end":{"line":171,"column":23}},"171":{"start":{"line":172,"column":0},"end":{"line":172,"column":8}},"172":{"start":{"line":173,"column":0},"end":{"line":173,"column":6}},"173":{"start":{"line":174,"column":0},"end":{"line":174,"column":43}},"174":{"start":{"line":175,"column":0},"end":{"line":175,"column":31}},"175":{"start":{"line":176,"column":0},"end":{"line":176,"column":5}},"176":{"start":{"line":177,"column":0},"end":{"line":177,"column":28}},"177":{"start":{"line":178,"column":0},"end":{"line":178,"column":0}},"178":{"start":{"line":179,"column":0},"end":{"line":179,"column":58}},"179":{"start":{"line":180,"column":0},"end":{"line":180,"column":26}},"180":{"start":{"line":181,"column":0},"end":{"line":181,"column":9}},"181":{"start":{"line":182,"column":0},"end":{"line":182,"column":0}},"182":{"start":{"line":183,"column":0},"end":{"line":183,"column":78}},"183":{"start":{"line":184,"column":0},"end":{"line":184,"column":24}},"184":{"start":{"line":185,"column":0},"end":{"line":185,"column":4}},"185":{"start":{"line":186,"column":0},"end":{"line":186,"column":23}},"186":{"start":{"line":187,"column":0},"end":{"line":187,"column":61}},"187":{"start":{"line":188,"column":0},"end":{"line":188,"column":6}},"188":{"start":{"line":189,"column":0},"end":{"line":189,"column":61}},"189":{"start":{"line":190,"column":0},"end":{"line":190,"column":34}},"190":{"start":{"line":191,"column":0},"end":{"line":191,"column":33}},"191":{"start":{"line":192,"column":0},"end":{"line":192,"column":63}},"192":{"start":{"line":193,"column":0},"end":{"line":193,"column":72}},"193":{"start":{"line":194,"column":0},"end":{"line":194,"column":71}},"194":{"start":{"line":195,"column":0},"end":{"line":195,"column":62}},"195":{"start":{"line":196,"column":0},"end":{"line":196,"column":16}},"196":{"start":{"line":197,"column":0},"end":{"line":197,"column":31}},"197":{"start":{"line":198,"column":0},"end":{"line":198,"column":9}},"198":{"start":{"line":199,"column":0},"end":{"line":199,"column":7}},"199":{"start":{"line":200,"column":0},"end":{"line":200,"column":6}},"200":{"start":{"line":201,"column":0},"end":{"line":201,"column":21}},"201":{"start":{"line":202,"column":0},"end":{"line":202,"column":7}},"202":{"start":{"line":203,"column":0},"end":{"line":203,"column":20}},"203":{"start":{"line":204,"column":0},"end":{"line":204,"column":0}},"204":{"start":{"line":205,"column":0},"end":{"line":205,"column":72}},"205":{"start":{"line":206,"column":0},"end":{"line":206,"column":19}},"206":{"start":{"line":207,"column":0},"end":{"line":207,"column":30}},"207":{"start":{"line":208,"column":0},"end":{"line":208,"column":5}},"208":{"start":{"line":209,"column":0},"end":{"line":209,"column":22}},"209":{"start":{"line":210,"column":0},"end":{"line":210,"column":0}},"210":{"start":{"line":211,"column":0},"end":{"line":211,"column":69}},"211":{"start":{"line":212,"column":0},"end":{"line":212,"column":31}},"212":{"start":{"line":213,"column":0},"end":{"line":213,"column":85}},"213":{"start":{"line":214,"column":0},"end":{"line":214,"column":24}},"214":{"start":{"line":215,"column":0},"end":{"line":215,"column":25}},"215":{"start":{"line":216,"column":0},"end":{"line":216,"column":29}},"216":{"start":{"line":217,"column":0},"end":{"line":217,"column":41}},"217":{"start":{"line":218,"column":0},"end":{"line":218,"column":76}},"218":{"start":{"line":219,"column":0},"end":{"line":219,"column":78}},"219":{"start":{"line":220,"column":0},"end":{"line":220,"column":32}},"220":{"start":{"line":221,"column":0},"end":{"line":221,"column":31}},"221":{"start":{"line":222,"column":0},"end":{"line":222,"column":35}},"222":{"start":{"line":223,"column":0},"end":{"line":223,"column":23}},"223":{"start":{"line":224,"column":0},"end":{"line":224,"column":78}},"224":{"start":{"line":225,"column":0},"end":{"line":225,"column":14}},"225":{"start":{"line":226,"column":0},"end":{"line":226,"column":22}},"226":{"start":{"line":227,"column":0},"end":{"line":227,"column":23}},"227":{"start":{"line":228,"column":0},"end":{"line":228,"column":60}},"228":{"start":{"line":229,"column":0},"end":{"line":229,"column":70}},"229":{"start":{"line":230,"column":0},"end":{"line":230,"column":16}},"230":{"start":{"line":231,"column":0},"end":{"line":231,"column":13}},"231":{"start":{"line":232,"column":0},"end":{"line":232,"column":23}},"232":{"start":{"line":233,"column":0},"end":{"line":233,"column":12}},"233":{"start":{"line":234,"column":0},"end":{"line":234,"column":10}},"234":{"start":{"line":235,"column":0},"end":{"line":235,"column":14}},"235":{"start":{"line":236,"column":0},"end":{"line":236,"column":79}},"236":{"start":{"line":237,"column":0},"end":{"line":237,"column":42}},"237":{"start":{"line":238,"column":0},"end":{"line":238,"column":7}},"238":{"start":{"line":239,"column":0},"end":{"line":239,"column":5}},"239":{"start":{"line":240,"column":0},"end":{"line":240,"column":44}},"240":{"start":{"line":241,"column":0},"end":{"line":241,"column":0}},"241":{"start":{"line":242,"column":0},"end":{"line":242,"column":68}},"242":{"start":{"line":243,"column":0},"end":{"line":243,"column":29}},"243":{"start":{"line":244,"column":0},"end":{"line":244,"column":4}},"244":{"start":{"line":245,"column":0},"end":{"line":245,"column":21}},"245":{"start":{"line":246,"column":0},"end":{"line":246,"column":25}},"246":{"start":{"line":247,"column":0},"end":{"line":247,"column":47}},"247":{"start":{"line":248,"column":0},"end":{"line":248,"column":8}},"248":{"start":{"line":249,"column":0},"end":{"line":249,"column":79}},"249":{"start":{"line":250,"column":0},"end":{"line":250,"column":8}},"250":{"start":{"line":251,"column":0},"end":{"line":251,"column":34}},"251":{"start":{"line":252,"column":0},"end":{"line":252,"column":31}},"252":{"start":{"line":253,"column":0},"end":{"line":253,"column":18}},"253":{"start":{"line":254,"column":0},"end":{"line":254,"column":19}},"254":{"start":{"line":255,"column":0},"end":{"line":255,"column":86}},"255":{"start":{"line":256,"column":0},"end":{"line":256,"column":12}},"256":{"start":{"line":257,"column":0},"end":{"line":257,"column":16}},"257":{"start":{"line":258,"column":0},"end":{"line":258,"column":66}},"258":{"start":{"line":259,"column":0},"end":{"line":259,"column":57}},"259":{"start":{"line":260,"column":0},"end":{"line":260,"column":10}},"260":{"start":{"line":261,"column":0},"end":{"line":261,"column":41}},"261":{"start":{"line":262,"column":0},"end":{"line":262,"column":60}},"262":{"start":{"line":263,"column":0},"end":{"line":263,"column":57}},"263":{"start":{"line":264,"column":0},"end":{"line":264,"column":13}},"264":{"start":{"line":265,"column":0},"end":{"line":265,"column":10}},"265":{"start":{"line":266,"column":0},"end":{"line":266,"column":40}},"266":{"start":{"line":267,"column":0},"end":{"line":267,"column":60}},"267":{"start":{"line":268,"column":0},"end":{"line":268,"column":57}},"268":{"start":{"line":269,"column":0},"end":{"line":269,"column":13}},"269":{"start":{"line":270,"column":0},"end":{"line":270,"column":10}},"270":{"start":{"line":271,"column":0},"end":{"line":271,"column":18}},"271":{"start":{"line":272,"column":0},"end":{"line":272,"column":19}},"272":{"start":{"line":273,"column":0},"end":{"line":273,"column":61}},"273":{"start":{"line":274,"column":0},"end":{"line":274,"column":12}},"274":{"start":{"line":275,"column":0},"end":{"line":275,"column":9}},"275":{"start":{"line":276,"column":0},"end":{"line":276,"column":8}},"276":{"start":{"line":277,"column":0},"end":{"line":277,"column":6}},"277":{"start":{"line":278,"column":0},"end":{"line":278,"column":20}},"278":{"start":{"line":279,"column":0},"end":{"line":279,"column":0}},"279":{"start":{"line":280,"column":0},"end":{"line":280,"column":75}},"280":{"start":{"line":281,"column":0},"end":{"line":281,"column":29}},"281":{"start":{"line":282,"column":0},"end":{"line":282,"column":4}},"282":{"start":{"line":283,"column":0},"end":{"line":283,"column":21}},"283":{"start":{"line":284,"column":0},"end":{"line":284,"column":23}},"284":{"start":{"line":285,"column":0},"end":{"line":285,"column":76}},"285":{"start":{"line":286,"column":0},"end":{"line":286,"column":7}},"286":{"start":{"line":287,"column":0},"end":{"line":287,"column":6}},"287":{"start":{"line":288,"column":0},"end":{"line":288,"column":20}},"288":{"start":{"line":289,"column":0},"end":{"line":289,"column":0}},"289":{"start":{"line":290,"column":0},"end":{"line":290,"column":48}},"290":{"start":{"line":291,"column":0},"end":{"line":291,"column":29}},"291":{"start":{"line":292,"column":0},"end":{"line":292,"column":4}},"292":{"start":{"line":293,"column":0},"end":{"line":293,"column":30}},"293":{"start":{"line":294,"column":0},"end":{"line":294,"column":21}},"294":{"start":{"line":295,"column":0},"end":{"line":295,"column":23}},"295":{"start":{"line":296,"column":0},"end":{"line":296,"column":73}},"296":{"start":{"line":297,"column":0},"end":{"line":297,"column":7}},"297":{"start":{"line":298,"column":0},"end":{"line":298,"column":6}},"298":{"start":{"line":299,"column":0},"end":{"line":299,"column":4}},"299":{"start":{"line":300,"column":0},"end":{"line":300,"column":33}},"300":{"start":{"line":301,"column":0},"end":{"line":301,"column":44}},"301":{"start":{"line":302,"column":0},"end":{"line":302,"column":20}},"302":{"start":{"line":303,"column":0},"end":{"line":303,"column":0}},"303":{"start":{"line":304,"column":0},"end":{"line":304,"column":10}},"304":{"start":{"line":305,"column":0},"end":{"line":305,"column":25}},"305":{"start":{"line":306,"column":0},"end":{"line":306,"column":18}},"306":{"start":{"line":307,"column":0},"end":{"line":307,"column":14}},"307":{"start":{"line":308,"column":0},"end":{"line":308,"column":62}},"308":{"start":{"line":309,"column":0},"end":{"line":309,"column":53}},"309":{"start":{"line":310,"column":0},"end":{"line":310,"column":35}},"310":{"start":{"line":311,"column":0},"end":{"line":311,"column":41}},"311":{"start":{"line":312,"column":0},"end":{"line":312,"column":37}},"312":{"start":{"line":313,"column":0},"end":{"line":313,"column":36}},"313":{"start":{"line":314,"column":0},"end":{"line":314,"column":19}},"314":{"start":{"line":315,"column":0},"end":{"line":315,"column":33}},"315":{"start":{"line":316,"column":0},"end":{"line":316,"column":37}},"316":{"start":{"line":317,"column":0},"end":{"line":317,"column":35}},"317":{"start":{"line":318,"column":0},"end":{"line":318,"column":8}},"318":{"start":{"line":319,"column":0},"end":{"line":319,"column":35}},"319":{"start":{"line":320,"column":0},"end":{"line":320,"column":16}},"320":{"start":{"line":321,"column":0},"end":{"line":321,"column":46}},"321":{"start":{"line":322,"column":0},"end":{"line":322,"column":47}},"322":{"start":{"line":323,"column":0},"end":{"line":323,"column":49}},"323":{"start":{"line":324,"column":0},"end":{"line":324,"column":38}},"324":{"start":{"line":325,"column":0},"end":{"line":325,"column":28}},"325":{"start":{"line":326,"column":0},"end":{"line":326,"column":41}},"326":{"start":{"line":327,"column":0},"end":{"line":327,"column":10}},"327":{"start":{"line":328,"column":0},"end":{"line":328,"column":18}},"328":{"start":{"line":329,"column":0},"end":{"line":329,"column":35}},"329":{"start":{"line":330,"column":0},"end":{"line":330,"column":37}},"330":{"start":{"line":331,"column":0},"end":{"line":331,"column":37}},"331":{"start":{"line":332,"column":0},"end":{"line":332,"column":44}},"332":{"start":{"line":333,"column":0},"end":{"line":333,"column":52}},"333":{"start":{"line":334,"column":0},"end":{"line":334,"column":49}},"334":{"start":{"line":335,"column":0},"end":{"line":335,"column":53}},"335":{"start":{"line":336,"column":0},"end":{"line":336,"column":45}},"336":{"start":{"line":337,"column":0},"end":{"line":337,"column":54}},"337":{"start":{"line":338,"column":0},"end":{"line":338,"column":10}},"338":{"start":{"line":339,"column":0},"end":{"line":339,"column":25}},"339":{"start":{"line":340,"column":0},"end":{"line":340,"column":33}},"340":{"start":{"line":341,"column":0},"end":{"line":341,"column":49}},"341":{"start":{"line":342,"column":0},"end":{"line":342,"column":51}},"342":{"start":{"line":343,"column":0},"end":{"line":343,"column":89}},"343":{"start":{"line":344,"column":0},"end":{"line":344,"column":10}},"344":{"start":{"line":345,"column":0},"end":{"line":345,"column":12}},"345":{"start":{"line":346,"column":0},"end":{"line":346,"column":24}},"346":{"start":{"line":347,"column":0},"end":{"line":347,"column":22}},"347":{"start":{"line":348,"column":0},"end":{"line":348,"column":29}},"348":{"start":{"line":349,"column":0},"end":{"line":349,"column":49}},"349":{"start":{"line":350,"column":0},"end":{"line":350,"column":48}},"350":{"start":{"line":351,"column":0},"end":{"line":351,"column":10}},"351":{"start":{"line":352,"column":0},"end":{"line":352,"column":8}},"352":{"start":{"line":353,"column":0},"end":{"line":353,"column":21}},"353":{"start":{"line":354,"column":0},"end":{"line":354,"column":58}},"354":{"start":{"line":355,"column":0},"end":{"line":355,"column":8}},"355":{"start":{"line":356,"column":0},"end":{"line":356,"column":10}},"356":{"start":{"line":357,"column":0},"end":{"line":357,"column":4}},"357":{"start":{"line":358,"column":0},"end":{"line":358,"column":1}},"358":{"start":{"line":359,"column":0},"end":{"line":359,"column":0}},"359":{"start":{"line":360,"column":0},"end":{"line":360,"column":19}}},"s":{"0":1,"1":1,"2":1,"3":1,"4":1,"5":1,"6":1,"7":1,"8":1,"9":1,"10":1,"11":1,"12":3,"13":3,"14":3,"15":3,"16":3,"17":3,"18":3,"19":3,"20":3,"21":3,"22":3,"23":3,"24":0,"25":3,"26":3,"27":3,"28":3,"29":3,"30":3,"31":3,"32":3,"33":3,"34":3,"35":3,"36":3,"37":3,"38":3,"39":3,"40":3,"41":0,"42":3,"43":0,"44":0,"45":0,"46":0,"47":0,"48":3,"49":3,"50":3,"51":3,"52":3,"53":0,"54":0,"55":0,"56":0,"57":3,"58":3,"59":3,"60":3,"61":3,"62":0,"63":3,"64":0,"65":0,"66":3,"67":3,"68":3,"69":3,"70":3,"71":3,"72":3,"73":3,"74":3,"75":3,"76":0,"77":0,"78":3,"79":3,"80":3,"81":3,"82":3,"83":3,"84":3,"85":3,"86":3,"87":0,"88":0,"89":3,"90":3,"91":0,"92":0,"93":0,"94":3,"95":3,"96":0,"97":0,"98":0,"99":0,"100":0,"101":0,"102":0,"103":0,"104":0,"105":0,"106":0,"107":0,"108":0,"109":0,"110":0,"111":0,"112":0,"113":0,"114":0,"115":0,"116":0,"117":0,"118":0,"119":0,"120":0,"121":3,"122":3,"123":0,"124":0,"125":0,"126":0,"127":0,"128":0,"129":0,"130":0,"131":0,"132":0,"133":0,"134":0,"135":0,"136":0,"137":0,"138":0,"139":0,"140":0,"141":0,"142":3,"143":3,"144":3,"145":0,"146":0,"147":0,"148":0,"149":0,"150":0,"151":0,"152":0,"153":0,"154":0,"155":0,"156":0,"157":0,"158":0,"159":0,"160":0,"161":0,"162":0,"163":0,"164":0,"165":0,"166":0,"167":0,"168":0,"169":0,"170":0,"171":0,"172":0,"173":0,"174":0,"175":0,"176":3,"177":3,"178":3,"179":0,"180":3,"181":3,"182":3,"183":0,"184":0,"185":0,"186":0,"187":0,"188":0,"189":0,"190":0,"191":0,"192":0,"193":0,"194":0,"195":0,"196":0,"197":0,"198":0,"199":0,"200":0,"201":0,"202":3,"203":3,"204":3,"205":0,"206":0,"207":0,"208":3,"209":3,"210":3,"211":0,"212":0,"213":0,"214":0,"215":0,"216":0,"217":0,"218":0,"219":0,"220":0,"221":0,"222":0,"223":0,"224":0,"225":0,"226":0,"227":0,"228":0,"229":0,"230":0,"231":0,"232":0,"233":0,"234":0,"235":0,"236":0,"237":0,"238":0,"239":3,"240":3,"241":3,"242":0,"243":0,"244":0,"245":0,"246":0,"247":0,"248":0,"249":0,"250":0,"251":0,"252":0,"253":0,"254":0,"255":0,"256":0,"257":0,"258":0,"259":0,"260":0,"261":0,"262":0,"263":0,"264":0,"265":0,"266":0,"267":0,"268":0,"269":0,"270":0,"271":0,"272":0,"273":0,"274":0,"275":0,"276":0,"277":3,"278":3,"279":3,"280":0,"281":0,"282":0,"283":0,"284":0,"285":0,"286":0,"287":3,"288":3,"289":3,"290":0,"291":0,"292":0,"293":0,"294":0,"295":0,"296":0,"297":0,"298":0,"299":0,"300":0,"301":3,"302":3,"303":3,"304":3,"305":3,"306":3,"307":3,"308":3,"309":3,"310":3,"311":3,"312":3,"313":3,"314":3,"315":3,"316":3,"317":3,"318":3,"319":3,"320":3,"321":3,"322":3,"323":3,"324":3,"325":3,"326":3,"327":3,"328":3,"329":3,"330":3,"331":3,"332":3,"333":3,"334":3,"335":3,"336":3,"337":3,"338":3,"339":3,"340":3,"341":3,"342":3,"343":3,"344":3,"345":3,"346":0,"347":0,"348":0,"349":0,"350":0,"351":3,"352":3,"353":0,"354":3,"355":3,"356":3,"357":3,"358":1,"359":1},"branchMap":{"0":{"type":"branch","line":13,"loc":{"start":{"line":13,"column":0},"end":{"line":358,"column":1}},"locations":[{"start":{"line":13,"column":0},"end":{"line":358,"column":1}}]},"1":{"type":"branch","line":69,"loc":{"start":{"line":69,"column":29},"end":{"line":69,"column":62}},"locations":[{"start":{"line":69,"column":29},"end":{"line":69,"column":62}}]},"2":{"type":"branch","line":70,"loc":{"start":{"line":70,"column":21},"end":{"line":70,"column":46}},"locations":[{"start":{"line":70,"column":21},"end":{"line":70,"column":46}}]},"3":{"type":"branch","line":343,"loc":{"start":{"line":343,"column":42},"end":{"line":343,"column":89}},"locations":[{"start":{"line":343,"column":42},"end":{"line":343,"column":89}}]},"4":{"type":"branch","line":346,"loc":{"start":{"line":346,"column":7},"end":{"line":351,"column":10}},"locations":[{"start":{"line":346,"column":7},"end":{"line":351,"column":10}}]},"5":{"type":"branch","line":353,"loc":{"start":{"line":353,"column":7},"end":{"line":354,"column":58}},"locations":[{"start":{"line":353,"column":7},"end":{"line":354,"column":58}}]},"6":{"type":"branch","line":22,"loc":{"start":{"line":22,"column":12},"end":{"line":29,"column":5}},"locations":[{"start":{"line":22,"column":12},"end":{"line":29,"column":5}}]},"7":{"type":"branch","line":24,"loc":{"start":{"line":24,"column":36},"end":{"line":26,"column":11}},"locations":[{"start":{"line":24,"column":36},"end":{"line":26,"column":11}}]},"8":{"type":"branch","line":32,"loc":{"start":{"line":32,"column":12},"end":{"line":35,"column":5}},"locations":[{"start":{"line":32,"column":12},"end":{"line":35,"column":5}}]},"9":{"type":"branch","line":39,"loc":{"start":{"line":39,"column":33},"end":{"line":49,"column":5}},"locations":[{"start":{"line":39,"column":33},"end":{"line":49,"column":5}}]},"10":{"type":"branch","line":41,"loc":{"start":{"line":41,"column":27},"end":{"line":43,"column":63}},"locations":[{"start":{"line":41,"column":27},"end":{"line":43,"column":63}}]},"11":{"type":"branch","line":43,"loc":{"start":{"line":43,"column":63},"end":{"line":46,"column":66}},"locations":[{"start":{"line":43,"column":63},"end":{"line":46,"column":66}}]},"12":{"type":"branch","line":46,"loc":{"start":{"line":46,"column":65},"end":{"line":47,"column":31}},"locations":[{"start":{"line":46,"column":65},"end":{"line":47,"column":31}}]},"13":{"type":"branch","line":47,"loc":{"start":{"line":47,"column":29},"end":{"line":48,"column":27}},"locations":[{"start":{"line":47,"column":29},"end":{"line":48,"column":27}}]},"14":{"type":"branch","line":51,"loc":{"start":{"line":51,"column":34},"end":{"line":58,"column":5}},"locations":[{"start":{"line":51,"column":34},"end":{"line":58,"column":5}}]},"15":{"type":"branch","line":53,"loc":{"start":{"line":53,"column":27},"end":{"line":55,"column":64}},"locations":[{"start":{"line":53,"column":27},"end":{"line":55,"column":64}}]},"16":{"type":"branch","line":55,"loc":{"start":{"line":55,"column":63},"end":{"line":56,"column":27}},"locations":[{"start":{"line":55,"column":63},"end":{"line":56,"column":27}}]},"17":{"type":"branch","line":56,"loc":{"start":{"line":56,"column":18},"end":{"line":57,"column":13}},"locations":[{"start":{"line":56,"column":18},"end":{"line":57,"column":13}}]},"18":{"type":"branch","line":60,"loc":{"start":{"line":60,"column":33},"end":{"line":68,"column":5}},"locations":[{"start":{"line":60,"column":33},"end":{"line":68,"column":5}}]},"19":{"type":"branch","line":62,"loc":{"start":{"line":62,"column":28},"end":{"line":64,"column":63}},"locations":[{"start":{"line":62,"column":28},"end":{"line":64,"column":63}}]},"20":{"type":"branch","line":64,"loc":{"start":{"line":64,"column":63},"end":{"line":67,"column":55}},"locations":[{"start":{"line":64,"column":63},"end":{"line":67,"column":55}}]},"21":{"type":"branch","line":67,"loc":{"start":{"line":67,"column":51},"end":{"line":67,"column":58}},"locations":[{"start":{"line":67,"column":51},"end":{"line":67,"column":58}}]},"22":{"type":"branch","line":72,"loc":{"start":{"line":72,"column":12},"end":{"line":81,"column":5}},"locations":[{"start":{"line":72,"column":12},"end":{"line":81,"column":5}}]},"23":{"type":"branch","line":75,"loc":{"start":{"line":75,"column":55},"end":{"line":79,"column":7}},"locations":[{"start":{"line":75,"column":55},"end":{"line":79,"column":7}}]},"24":{"type":"branch","line":76,"loc":{"start":{"line":76,"column":43},"end":{"line":78,"column":9}},"locations":[{"start":{"line":76,"column":43},"end":{"line":78,"column":9}}]},"25":{"type":"branch","line":83,"loc":{"start":{"line":83,"column":12},"end":{"line":85,"column":5}},"locations":[{"start":{"line":83,"column":12},"end":{"line":85,"column":5}}]}},"b":{"0":[3],"1":[0],"2":[0],"3":[0],"4":[0],"5":[0],"6":[3],"7":[0],"8":[3],"9":[3],"10":[0],"11":[0],"12":[0],"13":[0],"14":[3],"15":[0],"16":[0],"17":[0],"18":[3],"19":[0],"20":[0],"21":[0],"22":[3],"23":[3],"24":[0],"25":[3]},"fnMap":{"0":{"name":"App","decl":{"start":{"line":13,"column":0},"end":{"line":358,"column":1}},"loc":{"start":{"line":13,"column":0},"end":{"line":358,"column":1}},"line":13},"1":{"name":"handleSettingsChange","decl":{"start":{"line":87,"column":31},"end":{"line":89,"column":4}},"loc":{"start":{"line":87,"column":31},"end":{"line":89,"column":4}},"line":87},"2":{"name":"handleThemeToggle","decl":{"start":{"line":91,"column":28},"end":{"line":94,"column":4}},"loc":{"start":{"line":91,"column":28},"end":{"line":94,"column":4}},"line":91},"3":{"name":"handleOpenFile","decl":{"start":{"line":96,"column":25},"end":{"line":121,"column":4}},"loc":{"start":{"line":96,"column":25},"end":{"line":121,"column":4}},"line":96},"4":{"name":"onSettingsClick","decl":{"start":{"line":308,"column":25},"end":{"line":308,"column":62}},"loc":{"start":{"line":308,"column":25},"end":{"line":308,"column":62}},"line":308},"5":{"name":"onAboutClick","decl":{"start":{"line":309,"column":22},"end":{"line":309,"column":53}},"loc":{"start":{"line":309,"column":22},"end":{"line":309,"column":53}},"line":309},"6":{"name":"onClose","decl":{"start":{"line":350,"column":19},"end":{"line":350,"column":48}},"loc":{"start":{"line":350,"column":19},"end":{"line":350,"column":48}},"line":350},"7":{"name":"onClose","decl":{"start":{"line":354,"column":29},"end":{"line":354,"column":56}},"loc":{"start":{"line":354,"column":29},"end":{"line":354,"column":56}},"line":354}},"f":{"0":3,"1":0,"2":0,"3":0,"4":0,"5":0,"6":0,"7":0}}
,"D:\\LogStudio\\src\\renderer\\components\\AboutPanel.tsx": {"path":"D:\\LogStudio\\src\\renderer\\components\\AboutPanel.tsx","all":false,"statementMap":{"0":{"start":{"line":1,"column":0},"end":{"line":1,"column":51}},"1":{"start":{"line":2,"column":0},"end":{"line":2,"column":71}},"2":{"start":{"line":3,"column":0},"end":{"line":3,"column":26}},"3":{"start":{"line":4,"column":0},"end":{"line":4,"column":0}},"4":{"start":{"line":5,"column":0},"end":{"line":5,"column":27}},"5":{"start":{"line":6,"column":0},"end":{"line":6,"column":22}},"6":{"start":{"line":7,"column":0},"end":{"line":7,"column":1}},"7":{"start":{"line":8,"column":0},"end":{"line":8,"column":0}},"8":{"start":{"line":9,"column":0},"end":{"line":9,"column":28}},"9":{"start":{"line":10,"column":0},"end":{"line":10,"column":0}},"10":{"start":{"line":11,"column":0},"end":{"line":11,"column":64}},"11":{"start":{"line":12,"column":0},"end":{"line":12,"column":60}},"12":{"start":{"line":13,"column":0},"end":{"line":13,"column":70}},"13":{"start":{"line":14,"column":0},"end":{"line":14,"column":47}},"14":{"start":{"line":15,"column":0},"end":{"line":15,"column":0}},"15":{"start":{"line":16,"column":0},"end":{"line":16,"column":19}},"16":{"start":{"line":17,"column":0},"end":{"line":17,"column":39}},"17":{"start":{"line":18,"column":0},"end":{"line":18,"column":32}},"18":{"start":{"line":19,"column":0},"end":{"line":19,"column":26}},"19":{"start":{"line":20,"column":0},"end":{"line":20,"column":15}},"20":{"start":{"line":21,"column":0},"end":{"line":21,"column":7}},"21":{"start":{"line":22,"column":0},"end":{"line":22,"column":6}},"22":{"start":{"line":23,"column":0},"end":{"line":23,"column":11}},"23":{"start":{"line":24,"column":0},"end":{"line":24,"column":64}},"24":{"start":{"line":25,"column":0},"end":{"line":25,"column":47}},"25":{"start":{"line":26,"column":0},"end":{"line":26,"column":56}},"26":{"start":{"line":27,"column":0},"end":{"line":27,"column":34}},"27":{"start":{"line":28,"column":0},"end":{"line":28,"column":9}},"28":{"start":{"line":29,"column":0},"end":{"line":29,"column":23}},"29":{"start":{"line":30,"column":0},"end":{"line":30,"column":57}},"30":{"start":{"line":31,"column":0},"end":{"line":31,"column":17}},"31":{"start":{"line":32,"column":0},"end":{"line":32,"column":26}},"32":{"start":{"line":33,"column":0},"end":{"line":33,"column":7}},"33":{"start":{"line":34,"column":0},"end":{"line":34,"column":6}},"34":{"start":{"line":35,"column":0},"end":{"line":35,"column":4}},"35":{"start":{"line":36,"column":0},"end":{"line":36,"column":20}},"36":{"start":{"line":37,"column":0},"end":{"line":37,"column":9}},"37":{"start":{"line":38,"column":0},"end":{"line":38,"column":55}},"38":{"start":{"line":39,"column":0},"end":{"line":39,"column":39}},"39":{"start":{"line":40,"column":0},"end":{"line":40,"column":16}},"40":{"start":{"line":41,"column":0},"end":{"line":41,"column":5}},"41":{"start":{"line":42,"column":0},"end":{"line":42,"column":4}},"42":{"start":{"line":43,"column":0},"end":{"line":43,"column":0}},"43":{"start":{"line":44,"column":0},"end":{"line":44,"column":28}},"44":{"start":{"line":45,"column":0},"end":{"line":45,"column":29}},"45":{"start":{"line":46,"column":0},"end":{"line":46,"column":79}},"46":{"start":{"line":47,"column":0},"end":{"line":47,"column":5}},"47":{"start":{"line":48,"column":0},"end":{"line":48,"column":4}},"48":{"start":{"line":49,"column":0},"end":{"line":49,"column":0}},"49":{"start":{"line":50,"column":0},"end":{"line":50,"column":10}},"50":{"start":{"line":51,"column":0},"end":{"line":51,"column":64}},"51":{"start":{"line":52,"column":0},"end":{"line":52,"column":35}},"52":{"start":{"line":53,"column":0},"end":{"line":53,"column":38}},"53":{"start":{"line":54,"column":0},"end":{"line":54,"column":34}},"54":{"start":{"line":55,"column":0},"end":{"line":55,"column":60}},"55":{"start":{"line":56,"column":0},"end":{"line":56,"column":13}},"56":{"start":{"line":57,"column":0},"end":{"line":57,"column":19}},"57":{"start":{"line":58,"column":0},"end":{"line":58,"column":14}},"58":{"start":{"line":59,"column":0},"end":{"line":59,"column":39}},"59":{"start":{"line":60,"column":0},"end":{"line":60,"column":38}},"60":{"start":{"line":61,"column":0},"end":{"line":61,"column":65}},"61":{"start":{"line":62,"column":0},"end":{"line":62,"column":16}},"62":{"start":{"line":63,"column":0},"end":{"line":63,"column":10}},"63":{"start":{"line":64,"column":0},"end":{"line":64,"column":41}},"64":{"start":{"line":65,"column":0},"end":{"line":65,"column":30}},"65":{"start":{"line":66,"column":0},"end":{"line":66,"column":66}},"66":{"start":{"line":67,"column":0},"end":{"line":67,"column":45}},"67":{"start":{"line":68,"column":0},"end":{"line":68,"column":88}},"68":{"start":{"line":69,"column":0},"end":{"line":69,"column":57}},"69":{"start":{"line":70,"column":0},"end":{"line":70,"column":16}},"70":{"start":{"line":71,"column":0},"end":{"line":71,"column":20}},"71":{"start":{"line":72,"column":0},"end":{"line":72,"column":49}},"72":{"start":{"line":73,"column":0},"end":{"line":73,"column":62}},"73":{"start":{"line":74,"column":0},"end":{"line":74,"column":13}},"74":{"start":{"line":75,"column":0},"end":{"line":75,"column":57}},"75":{"start":{"line":76,"column":0},"end":{"line":76,"column":21}},"76":{"start":{"line":77,"column":0},"end":{"line":77,"column":16}},"77":{"start":{"line":78,"column":0},"end":{"line":78,"column":0}},"78":{"start":{"line":79,"column":0},"end":{"line":79,"column":29}},"79":{"start":{"line":80,"column":0},"end":{"line":80,"column":59}},"80":{"start":{"line":81,"column":0},"end":{"line":81,"column":38}},"81":{"start":{"line":82,"column":0},"end":{"line":82,"column":26}},"82":{"start":{"line":83,"column":0},"end":{"line":83,"column":77}},"83":{"start":{"line":84,"column":0},"end":{"line":84,"column":45}},"84":{"start":{"line":85,"column":0},"end":{"line":85,"column":48}},"85":{"start":{"line":86,"column":0},"end":{"line":86,"column":57}},"86":{"start":{"line":87,"column":0},"end":{"line":87,"column":102}},"87":{"start":{"line":88,"column":0},"end":{"line":88,"column":21}},"88":{"start":{"line":89,"column":0},"end":{"line":89,"column":22}},"89":{"start":{"line":90,"column":0},"end":{"line":90,"column":19}},"90":{"start":{"line":91,"column":0},"end":{"line":91,"column":79}},"91":{"start":{"line":92,"column":0},"end":{"line":92,"column":16}},"92":{"start":{"line":93,"column":0},"end":{"line":93,"column":18}},"93":{"start":{"line":94,"column":0},"end":{"line":94,"column":12}},"94":{"start":{"line":95,"column":0},"end":{"line":95,"column":0}},"95":{"start":{"line":96,"column":0},"end":{"line":96,"column":41}},"96":{"start":{"line":97,"column":0},"end":{"line":97,"column":29}},"97":{"start":{"line":98,"column":0},"end":{"line":98,"column":43}},"98":{"start":{"line":99,"column":0},"end":{"line":99,"column":52}},"99":{"start":{"line":100,"column":0},"end":{"line":100,"column":71}},"100":{"start":{"line":101,"column":0},"end":{"line":101,"column":71}},"101":{"start":{"line":102,"column":0},"end":{"line":102,"column":51}},"102":{"start":{"line":103,"column":0},"end":{"line":103,"column":64}},"103":{"start":{"line":104,"column":0},"end":{"line":104,"column":17}},"104":{"start":{"line":105,"column":0},"end":{"line":105,"column":16}},"105":{"start":{"line":106,"column":0},"end":{"line":106,"column":0}},"106":{"start":{"line":107,"column":0},"end":{"line":107,"column":41}},"107":{"start":{"line":108,"column":0},"end":{"line":108,"column":37}},"108":{"start":{"line":109,"column":0},"end":{"line":109,"column":40}},"109":{"start":{"line":110,"column":0},"end":{"line":110,"column":65}},"110":{"start":{"line":111,"column":0},"end":{"line":111,"column":62}},"111":{"start":{"line":112,"column":0},"end":{"line":112,"column":66}},"112":{"start":{"line":113,"column":0},"end":{"line":113,"column":60}},"113":{"start":{"line":114,"column":0},"end":{"line":114,"column":18}},"114":{"start":{"line":115,"column":0},"end":{"line":115,"column":16}},"115":{"start":{"line":116,"column":0},"end":{"line":116,"column":0}},"116":{"start":{"line":117,"column":0},"end":{"line":117,"column":41}},"117":{"start":{"line":118,"column":0},"end":{"line":118,"column":38}},"118":{"start":{"line":119,"column":0},"end":{"line":119,"column":73}},"119":{"start":{"line":120,"column":0},"end":{"line":120,"column":82}},"120":{"start":{"line":121,"column":0},"end":{"line":121,"column":741}},"121":{"start":{"line":122,"column":0},"end":{"line":122,"column":20}},"122":{"start":{"line":123,"column":0},"end":{"line":123,"column":28}},"123":{"start":{"line":124,"column":0},"end":{"line":124,"column":21}},"124":{"start":{"line":125,"column":0},"end":{"line":125,"column":16}},"125":{"start":{"line":126,"column":0},"end":{"line":126,"column":0}},"126":{"start":{"line":127,"column":0},"end":{"line":127,"column":41}},"127":{"start":{"line":128,"column":0},"end":{"line":128,"column":28}},"128":{"start":{"line":129,"column":0},"end":{"line":129,"column":41}},"129":{"start":{"line":130,"column":0},"end":{"line":130,"column":25}},"130":{"start":{"line":131,"column":0},"end":{"line":131,"column":16}},"131":{"start":{"line":132,"column":0},"end":{"line":132,"column":46}},"132":{"start":{"line":133,"column":0},"end":{"line":133,"column":53}},"133":{"start":{"line":134,"column":0},"end":{"line":134,"column":16}},"134":{"start":{"line":135,"column":0},"end":{"line":135,"column":46}},"135":{"start":{"line":136,"column":0},"end":{"line":136,"column":90}},"136":{"start":{"line":137,"column":0},"end":{"line":137,"column":91}},"137":{"start":{"line":138,"column":0},"end":{"line":138,"column":90}},"138":{"start":{"line":139,"column":0},"end":{"line":139,"column":87}},"139":{"start":{"line":140,"column":0},"end":{"line":140,"column":83}},"140":{"start":{"line":141,"column":0},"end":{"line":141,"column":70}},"141":{"start":{"line":142,"column":0},"end":{"line":142,"column":16}},"142":{"start":{"line":143,"column":0},"end":{"line":143,"column":46}},"143":{"start":{"line":144,"column":0},"end":{"line":144,"column":92}},"144":{"start":{"line":145,"column":0},"end":{"line":145,"column":61}},"145":{"start":{"line":146,"column":0},"end":{"line":146,"column":16}},"146":{"start":{"line":147,"column":0},"end":{"line":147,"column":46}},"147":{"start":{"line":148,"column":0},"end":{"line":148,"column":88}},"148":{"start":{"line":149,"column":0},"end":{"line":149,"column":86}},"149":{"start":{"line":150,"column":0},"end":{"line":150,"column":67}},"150":{"start":{"line":151,"column":0},"end":{"line":151,"column":16}},"151":{"start":{"line":152,"column":0},"end":{"line":152,"column":16}},"152":{"start":{"line":153,"column":0},"end":{"line":153,"column":14}},"153":{"start":{"line":154,"column":0},"end":{"line":154,"column":12}},"154":{"start":{"line":155,"column":0},"end":{"line":155,"column":10}},"155":{"start":{"line":156,"column":0},"end":{"line":156,"column":4}},"156":{"start":{"line":157,"column":0},"end":{"line":157,"column":2}},"157":{"start":{"line":158,"column":0},"end":{"line":158,"column":0}},"158":{"start":{"line":159,"column":0},"end":{"line":159,"column":32}},"159":{"start":{"line":160,"column":0},"end":{"line":160,"column":23}},"160":{"start":{"line":161,"column":0},"end":{"line":161,"column":20}},"161":{"start":{"line":162,"column":0},"end":{"line":162,"column":1}},"162":{"start":{"line":163,"column":0},"end":{"line":163,"column":0}},"163":{"start":{"line":164,"column":0},"end":{"line":164,"column":84}},"164":{"start":{"line":165,"column":0},"end":{"line":165,"column":53}},"165":{"start":{"line":166,"column":0},"end":{"line":166,"column":0}},"166":{"start":{"line":167,"column":0},"end":{"line":167,"column":10}},"167":{"start":{"line":168,"column":0},"end":{"line":168,"column":66}},"168":{"start":{"line":169,"column":0},"end":{"line":169,"column":79}},"169":{"start":{"line":170,"column":0},"end":{"line":170,"column":69}},"170":{"start":{"line":171,"column":0},"end":{"line":171,"column":62}},"171":{"start":{"line":172,"column":0},"end":{"line":172,"column":72}},"172":{"start":{"line":173,"column":0},"end":{"line":173,"column":12}},"173":{"start":{"line":174,"column":0},"end":{"line":174,"column":20}},"174":{"start":{"line":175,"column":0},"end":{"line":175,"column":43}},"175":{"start":{"line":176,"column":0},"end":{"line":176,"column":57}},"176":{"start":{"line":177,"column":0},"end":{"line":177,"column":47}},"177":{"start":{"line":178,"column":0},"end":{"line":178,"column":70}},"178":{"start":{"line":179,"column":0},"end":{"line":179,"column":51}},"179":{"start":{"line":180,"column":0},"end":{"line":180,"column":51}},"180":{"start":{"line":181,"column":0},"end":{"line":181,"column":43}},"181":{"start":{"line":182,"column":0},"end":{"line":182,"column":19}},"182":{"start":{"line":183,"column":0},"end":{"line":183,"column":19}},"183":{"start":{"line":184,"column":0},"end":{"line":184,"column":18}},"184":{"start":{"line":185,"column":0},"end":{"line":185,"column":12}},"185":{"start":{"line":186,"column":0},"end":{"line":186,"column":61}},"186":{"start":{"line":187,"column":0},"end":{"line":187,"column":47}},"187":{"start":{"line":188,"column":0},"end":{"line":188,"column":74}},"188":{"start":{"line":189,"column":0},"end":{"line":189,"column":51}},"189":{"start":{"line":190,"column":0},"end":{"line":190,"column":53}},"190":{"start":{"line":191,"column":0},"end":{"line":191,"column":43}},"191":{"start":{"line":192,"column":0},"end":{"line":192,"column":19}},"192":{"start":{"line":193,"column":0},"end":{"line":193,"column":19}},"193":{"start":{"line":194,"column":0},"end":{"line":194,"column":18}},"194":{"start":{"line":195,"column":0},"end":{"line":195,"column":12}},"195":{"start":{"line":196,"column":0},"end":{"line":196,"column":57}},"196":{"start":{"line":197,"column":0},"end":{"line":197,"column":47}},"197":{"start":{"line":198,"column":0},"end":{"line":198,"column":70}},"198":{"start":{"line":199,"column":0},"end":{"line":199,"column":51}},"199":{"start":{"line":200,"column":0},"end":{"line":200,"column":51}},"200":{"start":{"line":201,"column":0},"end":{"line":201,"column":43}},"201":{"start":{"line":202,"column":0},"end":{"line":202,"column":19}},"202":{"start":{"line":203,"column":0},"end":{"line":203,"column":19}},"203":{"start":{"line":204,"column":0},"end":{"line":204,"column":18}},"204":{"start":{"line":205,"column":0},"end":{"line":205,"column":12}},"205":{"start":{"line":206,"column":0},"end":{"line":206,"column":14}},"206":{"start":{"line":207,"column":0},"end":{"line":207,"column":8}},"207":{"start":{"line":208,"column":0},"end":{"line":208,"column":10}},"208":{"start":{"line":209,"column":0},"end":{"line":209,"column":4}},"209":{"start":{"line":210,"column":0},"end":{"line":210,"column":2}},"210":{"start":{"line":211,"column":0},"end":{"line":211,"column":0}},"211":{"start":{"line":212,"column":0},"end":{"line":212,"column":26}}},"s":{"0":1,"1":1,"2":1,"3":1,"4":1,"5":1,"6":1,"7":1,"8":1,"9":1,"10":1,"11":9,"12":9,"13":9,"14":9,"15":9,"16":4,"17":4,"18":0,"19":0,"20":0,"21":4,"22":4,"23":4,"24":4,"25":4,"26":4,"27":4,"28":4,"29":0,"30":4,"31":4,"32":4,"33":4,"34":4,"35":4,"36":9,"37":9,"38":2,"39":0,"40":0,"41":2,"42":9,"43":9,"44":0,"45":0,"46":0,"47":0,"48":9,"49":9,"50":9,"51":9,"52":9,"53":9,"54":9,"55":9,"56":9,"57":9,"58":9,"59":9,"60":9,"61":9,"62":9,"63":9,"64":9,"65":9,"66":9,"67":9,"68":9,"69":9,"70":9,"71":9,"72":9,"73":9,"74":9,"75":9,"76":9,"77":9,"78":9,"79":2,"80":2,"81":2,"82":1,"83":1,"84":1,"85":1,"86":1,"87":1,"88":1,"89":0,"90":0,"91":2,"92":2,"93":9,"94":9,"95":9,"96":9,"97":9,"98":9,"99":9,"100":9,"101":9,"102":9,"103":9,"104":9,"105":9,"106":9,"107":9,"108":9,"109":9,"110":9,"111":9,"112":9,"113":9,"114":9,"115":9,"116":9,"117":9,"118":9,"119":9,"120":9,"121":9,"122":9,"123":9,"124":9,"125":9,"126":9,"127":9,"128":9,"129":9,"130":9,"131":9,"132":9,"133":9,"134":9,"135":9,"136":9,"137":9,"138":9,"139":9,"140":9,"141":9,"142":9,"143":9,"144":9,"145":9,"146":9,"147":9,"148":9,"149":9,"150":9,"151":9,"152":9,"153":9,"154":9,"155":9,"156":9,"157":1,"158":1,"159":1,"160":1,"161":1,"162":1,"163":1,"164":1,"165":1,"166":1,"167":1,"168":1,"169":1,"170":1,"171":1,"172":1,"173":1,"174":1,"175":1,"176":1,"177":1,"178":1,"179":1,"180":1,"181":1,"182":1,"183":1,"184":1,"185":1,"186":0,"187":0,"188":0,"189":0,"190":0,"191":0,"192":0,"193":0,"194":1,"195":1,"196":0,"197":0,"198":0,"199":0,"200":0,"201":0,"202":0,"203":0,"204":1,"205":1,"206":1,"207":1,"208":1,"209":1,"210":1,"211":1},"branchMap":{"0":{"type":"branch","line":11,"loc":{"start":{"line":11,"column":46},"end":{"line":157,"column":2}},"locations":[{"start":{"line":11,"column":46},"end":{"line":157,"column":2}}]},"1":{"type":"branch","line":75,"loc":{"start":{"line":75,"column":15},"end":{"line":75,"column":37}},"locations":[{"start":{"line":75,"column":15},"end":{"line":75,"column":37}}]},"2":{"type":"branch","line":75,"loc":{"start":{"line":75,"column":31},"end":{"line":75,"column":41}},"locations":[{"start":{"line":75,"column":31},"end":{"line":75,"column":41}}]},"3":{"type":"branch","line":79,"loc":{"start":{"line":79,"column":11},"end":{"line":93,"column":18}},"locations":[{"start":{"line":79,"column":11},"end":{"line":93,"column":18}}]},"4":{"type":"branch","line":82,"loc":{"start":{"line":82,"column":15},"end":{"line":83,"column":77}},"locations":[{"start":{"line":82,"column":15},"end":{"line":83,"column":77}}]},"5":{"type":"branch","line":83,"loc":{"start":{"line":83,"column":71},"end":{"line":91,"column":79}},"locations":[{"start":{"line":83,"column":71},"end":{"line":91,"column":79}}]},"6":{"type":"branch","line":89,"loc":{"start":{"line":89,"column":16},"end":{"line":91,"column":79}},"locations":[{"start":{"line":89,"column":16},"end":{"line":91,"column":79}}]},"7":{"type":"branch","line":16,"loc":{"start":{"line":16,"column":12},"end":{"line":37,"column":5}},"locations":[{"start":{"line":16,"column":12},"end":{"line":37,"column":5}}]},"8":{"type":"branch","line":17,"loc":{"start":{"line":17,"column":26},"end":{"line":34,"column":6}},"locations":[{"start":{"line":17,"column":26},"end":{"line":34,"column":6}}]},"9":{"type":"branch","line":18,"loc":{"start":{"line":18,"column":31},"end":{"line":21,"column":7}},"locations":[{"start":{"line":18,"column":31},"end":{"line":21,"column":7}}]},"10":{"type":"branch","line":29,"loc":{"start":{"line":29,"column":6},"end":{"line":31,"column":8}},"locations":[{"start":{"line":29,"column":6},"end":{"line":31,"column":8}}]},"11":{"type":"branch","line":38,"loc":{"start":{"line":38,"column":29},"end":{"line":42,"column":4}},"locations":[{"start":{"line":38,"column":29},"end":{"line":42,"column":4}}]},"12":{"type":"branch","line":39,"loc":{"start":{"line":39,"column":38},"end":{"line":41,"column":5}},"locations":[{"start":{"line":39,"column":38},"end":{"line":41,"column":5}}]},"13":{"type":"branch","line":73,"loc":{"start":{"line":73,"column":23},"end":{"line":73,"column":62}},"locations":[{"start":{"line":73,"column":23},"end":{"line":73,"column":62}}]},"14":{"type":"branch","line":86,"loc":{"start":{"line":86,"column":36},"end":{"line":87,"column":102}},"locations":[{"start":{"line":86,"column":36},"end":{"line":87,"column":102}}]},"15":{"type":"branch","line":164,"loc":{"start":{"line":164,"column":56},"end":{"line":210,"column":2}},"locations":[{"start":{"line":164,"column":56},"end":{"line":210,"column":2}}]},"16":{"type":"branch","line":168,"loc":{"start":{"line":168,"column":49},"end":{"line":168,"column":62}},"locations":[{"start":{"line":168,"column":49},"end":{"line":168,"column":62}}]},"17":{"type":"branch","line":172,"loc":{"start":{"line":172,"column":55},"end":{"line":172,"column":65}},"locations":[{"start":{"line":172,"column":55},"end":{"line":172,"column":65}}]},"18":{"type":"branch","line":186,"loc":{"start":{"line":186,"column":55},"end":{"line":194,"column":18}},"locations":[{"start":{"line":186,"column":55},"end":{"line":194,"column":18}}]},"19":{"type":"branch","line":196,"loc":{"start":{"line":196,"column":51},"end":{"line":204,"column":18}},"locations":[{"start":{"line":196,"column":51},"end":{"line":204,"column":18}}]},"20":{"type":"branch","line":180,"loc":{"start":{"line":180,"column":35},"end":{"line":181,"column":43}},"locations":[{"start":{"line":180,"column":35},"end":{"line":181,"column":43}}]}},"b":{"0":[9],"1":[2],"2":[7],"3":[2],"4":[1],"5":[1],"6":[0],"7":[4],"8":[4],"9":[0],"10":[0],"11":[2],"12":[0],"13":[1],"14":[1],"15":[1],"16":[0],"17":[0],"18":[0],"19":[0],"20":[1]},"fnMap":{"0":{"name":"AboutPanel","decl":{"start":{"line":11,"column":46},"end":{"line":157,"column":2}},"loc":{"start":{"line":11,"column":46},"end":{"line":157,"column":2}},"line":11},"1":{"name":"loadChangelog","decl":{"start":{"line":17,"column":26},"end":{"line":34,"column":6}},"loc":{"start":{"line":17,"column":26},"end":{"line":34,"column":6}},"line":17},"2":{"name":"handleOverlayClick","decl":{"start":{"line":38,"column":29},"end":{"line":42,"column":4}},"loc":{"start":{"line":38,"column":29},"end":{"line":42,"column":4}},"line":38},"3":{"name":"openGitHub","decl":{"start":{"line":44,"column":21},"end":{"line":48,"column":4}},"loc":{"start":{"line":44,"column":21},"end":{"line":48,"column":4}},"line":44},"4":{"name":"onClick","decl":{"start":{"line":73,"column":23},"end":{"line":73,"column":62}},"loc":{"start":{"line":73,"column":23},"end":{"line":73,"column":62}},"line":73},"5":{"name":"ReleaseNoteItem","decl":{"start":{"line":164,"column":56},"end":{"line":210,"column":2}},"loc":{"start":{"line":164,"column":56},"end":{"line":210,"column":2}},"line":164},"6":{"name":"onClick","decl":{"start":{"line":169,"column":49},"end":{"line":169,"column":79}},"loc":{"start":{"line":169,"column":49},"end":{"line":169,"column":79}},"line":169}},"f":{"0":9,"1":4,"2":2,"3":0,"4":1,"5":1,"6":0}}
,"D:\\LogStudio\\src\\renderer\\components\\LogViewer.tsx": {"path":"D:\\LogStudio\\src\\renderer\\components\\LogViewer.tsx","all":false,"statementMap":{"0":{"start":{"line":1,"column":0},"end":{"line":1,"column":98}},"1":{"start":{"line":2,"column":0},"end":{"line":2,"column":48}},"2":{"start":{"line":3,"column":0},"end":{"line":3,"column":61}},"3":{"start":{"line":4,"column":0},"end":{"line":4,"column":111}},"4":{"start":{"line":5,"column":0},"end":{"line":5,"column":25}},"5":{"start":{"line":6,"column":0},"end":{"line":6,"column":0}},"6":{"start":{"line":7,"column":0},"end":{"line":7,"column":26}},"7":{"start":{"line":8,"column":0},"end":{"line":8,"column":26}},"8":{"start":{"line":9,"column":0},"end":{"line":9,"column":53}},"9":{"start":{"line":10,"column":0},"end":{"line":10,"column":20}},"10":{"start":{"line":11,"column":0},"end":{"line":11,"column":23}},"11":{"start":{"line":12,"column":0},"end":{"line":12,"column":26}},"12":{"start":{"line":13,"column":0},"end":{"line":13,"column":31}},"13":{"start":{"line":14,"column":0},"end":{"line":14,"column":53}},"14":{"start":{"line":15,"column":0},"end":{"line":15,"column":30}},"15":{"start":{"line":16,"column":0},"end":{"line":16,"column":1}},"16":{"start":{"line":17,"column":0},"end":{"line":17,"column":0}},"17":{"start":{"line":18,"column":0},"end":{"line":18,"column":46}},"18":{"start":{"line":19,"column":0},"end":{"line":19,"column":11}},"19":{"start":{"line":20,"column":0},"end":{"line":20,"column":12}},"20":{"start":{"line":21,"column":0},"end":{"line":21,"column":9}},"21":{"start":{"line":22,"column":0},"end":{"line":22,"column":14}},"22":{"start":{"line":23,"column":0},"end":{"line":23,"column":18}},"23":{"start":{"line":24,"column":0},"end":{"line":24,"column":21}},"24":{"start":{"line":25,"column":0},"end":{"line":25,"column":21}},"25":{"start":{"line":26,"column":0},"end":{"line":26,"column":17}},"26":{"start":{"line":27,"column":0},"end":{"line":27,"column":7}},"27":{"start":{"line":28,"column":0},"end":{"line":28,"column":63}},"28":{"start":{"line":29,"column":0},"end":{"line":29,"column":73}},"29":{"start":{"line":30,"column":0},"end":{"line":30,"column":71}},"30":{"start":{"line":31,"column":0},"end":{"line":31,"column":53}},"31":{"start":{"line":32,"column":0},"end":{"line":32,"column":48}},"32":{"start":{"line":33,"column":0},"end":{"line":33,"column":77}},"33":{"start":{"line":34,"column":0},"end":{"line":34,"column":56}},"34":{"start":{"line":35,"column":0},"end":{"line":35,"column":54}},"35":{"start":{"line":36,"column":0},"end":{"line":36,"column":49}},"36":{"start":{"line":37,"column":0},"end":{"line":37,"column":52}},"37":{"start":{"line":38,"column":0},"end":{"line":38,"column":44}},"38":{"start":{"line":39,"column":0},"end":{"line":39,"column":150}},"39":{"start":{"line":40,"column":0},"end":{"line":40,"column":62}},"40":{"start":{"line":41,"column":0},"end":{"line":41,"column":37}},"41":{"start":{"line":42,"column":0},"end":{"line":42,"column":142}},"42":{"start":{"line":43,"column":0},"end":{"line":43,"column":0}},"43":{"start":{"line":44,"column":0},"end":{"line":44,"column":24}},"44":{"start":{"line":45,"column":0},"end":{"line":45,"column":81}},"45":{"start":{"line":46,"column":0},"end":{"line":46,"column":9}},"46":{"start":{"line":47,"column":0},"end":{"line":47,"column":28}},"47":{"start":{"line":48,"column":0},"end":{"line":48,"column":34}},"48":{"start":{"line":49,"column":0},"end":{"line":49,"column":6}},"49":{"start":{"line":50,"column":0},"end":{"line":50,"column":55}},"50":{"start":{"line":51,"column":0},"end":{"line":51,"column":64}},"51":{"start":{"line":52,"column":0},"end":{"line":52,"column":63}},"52":{"start":{"line":53,"column":0},"end":{"line":53,"column":43}},"53":{"start":{"line":54,"column":0},"end":{"line":54,"column":58}},"54":{"start":{"line":55,"column":0},"end":{"line":55,"column":44}},"55":{"start":{"line":56,"column":0},"end":{"line":56,"column":7}},"56":{"start":{"line":57,"column":0},"end":{"line":57,"column":6}},"57":{"start":{"line":58,"column":0},"end":{"line":58,"column":40}},"58":{"start":{"line":59,"column":0},"end":{"line":59,"column":25}},"59":{"start":{"line":60,"column":0},"end":{"line":60,"column":67}},"60":{"start":{"line":61,"column":0},"end":{"line":61,"column":23}},"61":{"start":{"line":62,"column":0},"end":{"line":62,"column":43}},"62":{"start":{"line":63,"column":0},"end":{"line":63,"column":47}},"63":{"start":{"line":64,"column":0},"end":{"line":64,"column":7}},"64":{"start":{"line":65,"column":0},"end":{"line":65,"column":6}},"65":{"start":{"line":66,"column":0},"end":{"line":66,"column":22}},"66":{"start":{"line":67,"column":0},"end":{"line":67,"column":13}},"67":{"start":{"line":68,"column":0},"end":{"line":68,"column":50}},"68":{"start":{"line":69,"column":0},"end":{"line":69,"column":60}},"69":{"start":{"line":70,"column":0},"end":{"line":70,"column":46}},"70":{"start":{"line":71,"column":0},"end":{"line":71,"column":17}},"71":{"start":{"line":72,"column":0},"end":{"line":72,"column":32}},"72":{"start":{"line":73,"column":0},"end":{"line":73,"column":42}},"73":{"start":{"line":74,"column":0},"end":{"line":74,"column":60}},"74":{"start":{"line":75,"column":0},"end":{"line":75,"column":46}},"75":{"start":{"line":76,"column":0},"end":{"line":76,"column":9}},"76":{"start":{"line":77,"column":0},"end":{"line":77,"column":7}},"77":{"start":{"line":78,"column":0},"end":{"line":78,"column":17}},"78":{"start":{"line":79,"column":0},"end":{"line":79,"column":23}},"79":{"start":{"line":80,"column":0},"end":{"line":80,"column":5}},"80":{"start":{"line":81,"column":0},"end":{"line":81,"column":47}},"81":{"start":{"line":82,"column":0},"end":{"line":82,"column":4}},"82":{"start":{"line":83,"column":0},"end":{"line":83,"column":0}},"83":{"start":{"line":84,"column":0},"end":{"line":84,"column":80}},"84":{"start":{"line":85,"column":0},"end":{"line":85,"column":9}},"85":{"start":{"line":86,"column":0},"end":{"line":86,"column":45}},"86":{"start":{"line":87,"column":0},"end":{"line":87,"column":53}},"87":{"start":{"line":88,"column":0},"end":{"line":88,"column":49}},"88":{"start":{"line":89,"column":0},"end":{"line":89,"column":23}},"89":{"start":{"line":90,"column":0},"end":{"line":90,"column":38}},"90":{"start":{"line":91,"column":0},"end":{"line":91,"column":34}},"91":{"start":{"line":92,"column":0},"end":{"line":92,"column":68}},"92":{"start":{"line":93,"column":0},"end":{"line":93,"column":60}},"93":{"start":{"line":94,"column":0},"end":{"line":94,"column":24}},"94":{"start":{"line":95,"column":0},"end":{"line":95,"column":57}},"95":{"start":{"line":96,"column":0},"end":{"line":96,"column":46}},"96":{"start":{"line":97,"column":0},"end":{"line":97,"column":45}},"97":{"start":{"line":98,"column":0},"end":{"line":98,"column":58}},"98":{"start":{"line":99,"column":0},"end":{"line":99,"column":26}},"99":{"start":{"line":100,"column":0},"end":{"line":100,"column":24}},"100":{"start":{"line":101,"column":0},"end":{"line":101,"column":46}},"101":{"start":{"line":102,"column":0},"end":{"line":102,"column":9}},"102":{"start":{"line":103,"column":0},"end":{"line":103,"column":7}},"103":{"start":{"line":104,"column":0},"end":{"line":104,"column":17}},"104":{"start":{"line":105,"column":0},"end":{"line":105,"column":22}},"105":{"start":{"line":106,"column":0},"end":{"line":106,"column":5}},"106":{"start":{"line":107,"column":0},"end":{"line":107,"column":47}},"107":{"start":{"line":108,"column":0},"end":{"line":108,"column":4}},"108":{"start":{"line":109,"column":0},"end":{"line":109,"column":0}},"109":{"start":{"line":110,"column":0},"end":{"line":110,"column":86}},"110":{"start":{"line":111,"column":0},"end":{"line":111,"column":36}},"111":{"start":{"line":112,"column":0},"end":{"line":112,"column":31}},"112":{"start":{"line":113,"column":0},"end":{"line":113,"column":50}},"113":{"start":{"line":114,"column":0},"end":{"line":114,"column":34}},"114":{"start":{"line":115,"column":0},"end":{"line":115,"column":33}},"115":{"start":{"line":116,"column":0},"end":{"line":116,"column":26}},"116":{"start":{"line":117,"column":0},"end":{"line":117,"column":6}},"117":{"start":{"line":118,"column":0},"end":{"line":118,"column":0}},"118":{"start":{"line":119,"column":0},"end":{"line":119,"column":29}},"119":{"start":{"line":120,"column":0},"end":{"line":120,"column":46}},"120":{"start":{"line":121,"column":0},"end":{"line":121,"column":31}},"121":{"start":{"line":122,"column":0},"end":{"line":122,"column":28}},"122":{"start":{"line":123,"column":0},"end":{"line":123,"column":14}},"123":{"start":{"line":124,"column":0},"end":{"line":124,"column":7}},"124":{"start":{"line":125,"column":0},"end":{"line":125,"column":5}},"125":{"start":{"line":126,"column":0},"end":{"line":126,"column":0}},"126":{"start":{"line":127,"column":0},"end":{"line":127,"column":24}},"127":{"start":{"line":128,"column":0},"end":{"line":128,"column":49}},"128":{"start":{"line":129,"column":0},"end":{"line":129,"column":5}},"129":{"start":{"line":130,"column":0},"end":{"line":130,"column":0}},"130":{"start":{"line":131,"column":0},"end":{"line":131,"column":49}},"131":{"start":{"line":132,"column":0},"end":{"line":132,"column":25}},"132":{"start":{"line":133,"column":0},"end":{"line":133,"column":0}},"133":{"start":{"line":134,"column":0},"end":{"line":134,"column":35}},"134":{"start":{"line":135,"column":0},"end":{"line":135,"column":34}},"135":{"start":{"line":136,"column":0},"end":{"line":136,"column":46}},"136":{"start":{"line":137,"column":0},"end":{"line":137,"column":89}},"137":{"start":{"line":138,"column":0},"end":{"line":138,"column":6}},"138":{"start":{"line":139,"column":0},"end":{"line":139,"column":0}},"139":{"start":{"line":140,"column":0},"end":{"line":140,"column":36}},"140":{"start":{"line":141,"column":0},"end":{"line":141,"column":34}},"141":{"start":{"line":142,"column":0},"end":{"line":142,"column":45}},"142":{"start":{"line":143,"column":0},"end":{"line":143,"column":86}},"143":{"start":{"line":144,"column":0},"end":{"line":144,"column":6}},"144":{"start":{"line":145,"column":0},"end":{"line":145,"column":0}},"145":{"start":{"line":146,"column":0},"end":{"line":146,"column":36}},"146":{"start":{"line":147,"column":0},"end":{"line":147,"column":34}},"147":{"start":{"line":148,"column":0},"end":{"line":148,"column":30}},"148":{"start":{"line":149,"column":0},"end":{"line":149,"column":86}},"149":{"start":{"line":150,"column":0},"end":{"line":150,"column":6}},"150":{"start":{"line":151,"column":0},"end":{"line":151,"column":0}},"151":{"start":{"line":152,"column":0},"end":{"line":152,"column":40}},"152":{"start":{"line":153,"column":0},"end":{"line":153,"column":4}},"153":{"start":{"line":154,"column":0},"end":{"line":154,"column":0}},"154":{"start":{"line":155,"column":0},"end":{"line":155,"column":139}},"155":{"start":{"line":156,"column":0},"end":{"line":156,"column":32}},"156":{"start":{"line":157,"column":0},"end":{"line":157,"column":50}},"157":{"start":{"line":158,"column":0},"end":{"line":158,"column":34}},"158":{"start":{"line":159,"column":0},"end":{"line":159,"column":87}},"159":{"start":{"line":160,"column":0},"end":{"line":160,"column":5}},"160":{"start":{"line":161,"column":0},"end":{"line":161,"column":0}},"161":{"start":{"line":162,"column":0},"end":{"line":162,"column":27}},"162":{"start":{"line":163,"column":0},"end":{"line":163,"column":40}},"163":{"start":{"line":164,"column":0},"end":{"line":164,"column":29}},"164":{"start":{"line":165,"column":0},"end":{"line":165,"column":63}},"165":{"start":{"line":166,"column":0},"end":{"line":166,"column":5}},"166":{"start":{"line":167,"column":0},"end":{"line":167,"column":0}},"167":{"start":{"line":168,"column":0},"end":{"line":168,"column":25}},"168":{"start":{"line":169,"column":0},"end":{"line":169,"column":38}},"169":{"start":{"line":170,"column":0},"end":{"line":170,"column":28}},"170":{"start":{"line":171,"column":0},"end":{"line":171,"column":61}},"171":{"start":{"line":172,"column":0},"end":{"line":172,"column":5}},"172":{"start":{"line":173,"column":0},"end":{"line":173,"column":0}},"173":{"start":{"line":174,"column":0},"end":{"line":174,"column":27}},"174":{"start":{"line":175,"column":0},"end":{"line":175,"column":45}},"175":{"start":{"line":176,"column":0},"end":{"line":176,"column":4}},"176":{"start":{"line":177,"column":0},"end":{"line":177,"column":0}},"177":{"start":{"line":178,"column":0},"end":{"line":178,"column":92}},"178":{"start":{"line":179,"column":0},"end":{"line":179,"column":81}},"179":{"start":{"line":180,"column":0},"end":{"line":180,"column":0}},"180":{"start":{"line":181,"column":0},"end":{"line":181,"column":32}},"181":{"start":{"line":182,"column":0},"end":{"line":182,"column":19}},"182":{"start":{"line":183,"column":0},"end":{"line":183,"column":41}},"183":{"start":{"line":184,"column":0},"end":{"line":184,"column":45}},"184":{"start":{"line":185,"column":0},"end":{"line":185,"column":0}},"185":{"start":{"line":186,"column":0},"end":{"line":186,"column":19}},"186":{"start":{"line":187,"column":0},"end":{"line":187,"column":32}},"187":{"start":{"line":188,"column":0},"end":{"line":188,"column":33}},"188":{"start":{"line":189,"column":0},"end":{"line":189,"column":66}},"189":{"start":{"line":190,"column":0},"end":{"line":190,"column":37}},"190":{"start":{"line":191,"column":0},"end":{"line":191,"column":7}},"191":{"start":{"line":192,"column":0},"end":{"line":192,"column":6}},"192":{"start":{"line":193,"column":0},"end":{"line":193,"column":0}},"193":{"start":{"line":194,"column":0},"end":{"line":194,"column":19}},"194":{"start":{"line":195,"column":0},"end":{"line":195,"column":52}},"195":{"start":{"line":196,"column":0},"end":{"line":196,"column":68}},"196":{"start":{"line":197,"column":0},"end":{"line":197,"column":9}},"197":{"start":{"line":198,"column":0},"end":{"line":198,"column":0}},"198":{"start":{"line":199,"column":0},"end":{"line":199,"column":19}},"199":{"start":{"line":200,"column":0},"end":{"line":200,"column":47}},"200":{"start":{"line":201,"column":0},"end":{"line":201,"column":44}},"201":{"start":{"line":202,"column":0},"end":{"line":202,"column":35}},"202":{"start":{"line":203,"column":0},"end":{"line":203,"column":38}},"203":{"start":{"line":204,"column":0},"end":{"line":204,"column":13}},"204":{"start":{"line":205,"column":0},"end":{"line":205,"column":5}},"205":{"start":{"line":206,"column":0},"end":{"line":206,"column":4}},"206":{"start":{"line":207,"column":0},"end":{"line":207,"column":35}},"207":{"start":{"line":208,"column":0},"end":{"line":208,"column":19}},"208":{"start":{"line":209,"column":0},"end":{"line":209,"column":35}},"209":{"start":{"line":210,"column":0},"end":{"line":210,"column":20}},"210":{"start":{"line":211,"column":0},"end":{"line":211,"column":6}},"211":{"start":{"line":212,"column":0},"end":{"line":212,"column":31}},"212":{"start":{"line":213,"column":0},"end":{"line":213,"column":50}},"213":{"start":{"line":214,"column":0},"end":{"line":214,"column":50}},"214":{"start":{"line":215,"column":0},"end":{"line":215,"column":8}},"215":{"start":{"line":216,"column":0},"end":{"line":216,"column":36}},"216":{"start":{"line":217,"column":0},"end":{"line":217,"column":59}},"217":{"start":{"line":218,"column":0},"end":{"line":218,"column":109}},"218":{"start":{"line":219,"column":0},"end":{"line":219,"column":41}},"219":{"start":{"line":220,"column":0},"end":{"line":220,"column":26}},"220":{"start":{"line":221,"column":0},"end":{"line":221,"column":11}},"221":{"start":{"line":222,"column":0},"end":{"line":222,"column":10}},"222":{"start":{"line":223,"column":0},"end":{"line":223,"column":8}},"223":{"start":{"line":224,"column":0},"end":{"line":224,"column":32}},"224":{"start":{"line":225,"column":0},"end":{"line":225,"column":62}},"225":{"start":{"line":226,"column":0},"end":{"line":226,"column":8}},"226":{"start":{"line":227,"column":0},"end":{"line":227,"column":22}},"227":{"start":{"line":228,"column":0},"end":{"line":228,"column":54}},"228":{"start":{"line":229,"column":0},"end":{"line":229,"column":60}},"229":{"start":{"line":230,"column":0},"end":{"line":230,"column":10}},"230":{"start":{"line":231,"column":0},"end":{"line":231,"column":7}},"231":{"start":{"line":232,"column":0},"end":{"line":232,"column":5}},"232":{"start":{"line":233,"column":0},"end":{"line":233,"column":59}},"233":{"start":{"line":234,"column":0},"end":{"line":234,"column":93}},"234":{"start":{"line":235,"column":0},"end":{"line":235,"column":0}},"235":{"start":{"line":236,"column":0},"end":{"line":236,"column":36}},"236":{"start":{"line":237,"column":0},"end":{"line":237,"column":19}},"237":{"start":{"line":238,"column":0},"end":{"line":238,"column":43}},"238":{"start":{"line":239,"column":0},"end":{"line":239,"column":69}},"239":{"start":{"line":240,"column":0},"end":{"line":240,"column":47}},"240":{"start":{"line":241,"column":0},"end":{"line":241,"column":35}},"241":{"start":{"line":242,"column":0},"end":{"line":242,"column":34}},"242":{"start":{"line":243,"column":0},"end":{"line":243,"column":24}},"243":{"start":{"line":244,"column":0},"end":{"line":244,"column":20}},"244":{"start":{"line":245,"column":0},"end":{"line":245,"column":5}},"245":{"start":{"line":246,"column":0},"end":{"line":246,"column":59}},"246":{"start":{"line":247,"column":0},"end":{"line":247,"column":151}},"247":{"start":{"line":248,"column":0},"end":{"line":248,"column":0}},"248":{"start":{"line":249,"column":0},"end":{"line":249,"column":19}},"249":{"start":{"line":250,"column":0},"end":{"line":250,"column":47}},"250":{"start":{"line":251,"column":0},"end":{"line":251,"column":27}},"251":{"start":{"line":252,"column":0},"end":{"line":252,"column":75}},"252":{"start":{"line":253,"column":0},"end":{"line":253,"column":82}},"253":{"start":{"line":254,"column":0},"end":{"line":254,"column":83}},"254":{"start":{"line":255,"column":0},"end":{"line":255,"column":90}},"255":{"start":{"line":256,"column":0},"end":{"line":256,"column":56}},"256":{"start":{"line":257,"column":0},"end":{"line":257,"column":4}},"257":{"start":{"line":258,"column":0},"end":{"line":258,"column":30}},"258":{"start":{"line":259,"column":0},"end":{"line":259,"column":34}},"259":{"start":{"line":260,"column":0},"end":{"line":260,"column":34}},"260":{"start":{"line":261,"column":0},"end":{"line":261,"column":42}},"261":{"start":{"line":262,"column":0},"end":{"line":262,"column":26}},"262":{"start":{"line":263,"column":0},"end":{"line":263,"column":6}},"263":{"start":{"line":264,"column":0},"end":{"line":264,"column":4}},"264":{"start":{"line":265,"column":0},"end":{"line":265,"column":78}},"265":{"start":{"line":266,"column":0},"end":{"line":266,"column":41}},"266":{"start":{"line":267,"column":0},"end":{"line":267,"column":56}},"267":{"start":{"line":268,"column":0},"end":{"line":268,"column":96}},"268":{"start":{"line":269,"column":0},"end":{"line":269,"column":30}},"269":{"start":{"line":270,"column":0},"end":{"line":270,"column":56}},"270":{"start":{"line":271,"column":0},"end":{"line":271,"column":82}},"271":{"start":{"line":272,"column":0},"end":{"line":272,"column":7}},"272":{"start":{"line":273,"column":0},"end":{"line":273,"column":5}},"273":{"start":{"line":274,"column":0},"end":{"line":274,"column":4}},"274":{"start":{"line":275,"column":0},"end":{"line":275,"column":99}},"275":{"start":{"line":276,"column":0},"end":{"line":276,"column":33}},"276":{"start":{"line":277,"column":0},"end":{"line":277,"column":97}},"277":{"start":{"line":278,"column":0},"end":{"line":278,"column":4}},"278":{"start":{"line":279,"column":0},"end":{"line":279,"column":102}},"279":{"start":{"line":280,"column":0},"end":{"line":280,"column":77}},"280":{"start":{"line":281,"column":0},"end":{"line":281,"column":32}},"281":{"start":{"line":282,"column":0},"end":{"line":282,"column":90}},"282":{"start":{"line":283,"column":0},"end":{"line":283,"column":6}},"283":{"start":{"line":284,"column":0},"end":{"line":284,"column":82}},"284":{"start":{"line":285,"column":0},"end":{"line":285,"column":40}},"285":{"start":{"line":286,"column":0},"end":{"line":286,"column":6}},"286":{"start":{"line":287,"column":0},"end":{"line":287,"column":34}},"287":{"start":{"line":288,"column":0},"end":{"line":288,"column":49}},"288":{"start":{"line":289,"column":0},"end":{"line":289,"column":55}},"289":{"start":{"line":290,"column":0},"end":{"line":290,"column":34}},"290":{"start":{"line":291,"column":0},"end":{"line":291,"column":9}},"291":{"start":{"line":292,"column":0},"end":{"line":292,"column":79}},"292":{"start":{"line":293,"column":0},"end":{"line":293,"column":9}},"293":{"start":{"line":294,"column":0},"end":{"line":294,"column":6}},"294":{"start":{"line":295,"column":0},"end":{"line":295,"column":21}},"295":{"start":{"line":296,"column":0},"end":{"line":296,"column":7}},"296":{"start":{"line":297,"column":0},"end":{"line":297,"column":4}},"297":{"start":{"line":298,"column":0},"end":{"line":298,"column":81}},"298":{"start":{"line":299,"column":0},"end":{"line":299,"column":44}},"299":{"start":{"line":300,"column":0},"end":{"line":300,"column":74}},"300":{"start":{"line":301,"column":0},"end":{"line":301,"column":33}},"301":{"start":{"line":302,"column":0},"end":{"line":302,"column":47}},"302":{"start":{"line":303,"column":0},"end":{"line":303,"column":26}},"303":{"start":{"line":304,"column":0},"end":{"line":304,"column":35}},"304":{"start":{"line":305,"column":0},"end":{"line":305,"column":30}},"305":{"start":{"line":306,"column":0},"end":{"line":306,"column":38}},"306":{"start":{"line":307,"column":0},"end":{"line":307,"column":74}},"307":{"start":{"line":308,"column":0},"end":{"line":308,"column":9}},"308":{"start":{"line":309,"column":0},"end":{"line":309,"column":9}},"309":{"start":{"line":310,"column":0},"end":{"line":310,"column":5}},"310":{"start":{"line":311,"column":0},"end":{"line":311,"column":80}},"311":{"start":{"line":312,"column":0},"end":{"line":312,"column":0}},"312":{"start":{"line":313,"column":0},"end":{"line":313,"column":75}},"313":{"start":{"line":314,"column":0},"end":{"line":314,"column":62}},"314":{"start":{"line":315,"column":0},"end":{"line":315,"column":0}},"315":{"start":{"line":316,"column":0},"end":{"line":316,"column":21}},"316":{"start":{"line":317,"column":0},"end":{"line":317,"column":60}},"317":{"start":{"line":318,"column":0},"end":{"line":318,"column":0}},"318":{"start":{"line":319,"column":0},"end":{"line":319,"column":9}},"319":{"start":{"line":320,"column":0},"end":{"line":320,"column":35}},"320":{"start":{"line":321,"column":0},"end":{"line":321,"column":58}},"321":{"start":{"line":322,"column":0},"end":{"line":322,"column":66}},"322":{"start":{"line":323,"column":0},"end":{"line":323,"column":47}},"323":{"start":{"line":324,"column":0},"end":{"line":324,"column":63}},"324":{"start":{"line":325,"column":0},"end":{"line":325,"column":66}},"325":{"start":{"line":326,"column":0},"end":{"line":326,"column":40}},"326":{"start":{"line":327,"column":0},"end":{"line":327,"column":21}},"327":{"start":{"line":328,"column":0},"end":{"line":328,"column":58}},"328":{"start":{"line":329,"column":0},"end":{"line":329,"column":14}},"329":{"start":{"line":330,"column":0},"end":{"line":330,"column":9}},"330":{"start":{"line":331,"column":0},"end":{"line":331,"column":18}},"331":{"start":{"line":332,"column":0},"end":{"line":332,"column":9}},"332":{"start":{"line":333,"column":0},"end":{"line":333,"column":0}},"333":{"start":{"line":334,"column":0},"end":{"line":334,"column":63}},"334":{"start":{"line":335,"column":0},"end":{"line":335,"column":6}},"335":{"start":{"line":336,"column":0},"end":{"line":336,"column":26}},"336":{"start":{"line":337,"column":0},"end":{"line":337,"column":38}},"337":{"start":{"line":338,"column":0},"end":{"line":338,"column":43}},"338":
[...]
art":{"line":64,"column":0},"end":{"line":64,"column":53}},"64":{"start":{"line":65,"column":0},"end":{"line":65,"column":80}},"65":{"start":{"line":66,"column":0},"end":{"line":66,"column":43}},"66":{"start":{"line":67,"column":0},"end":{"line":67,"column":24}},"67":{"start":{"line":68,"column":0},"end":{"line":68,"column":44}},"68":{"start":{"line":69,"column":0},"end":{"line":69,"column":14}},"69":{"start":{"line":70,"column":0},"end":{"line":70,"column":60}},"70":{"start":{"line":71,"column":0},"end":{"line":71,"column":37}},"71":{"start":{"line":72,"column":0},"end":{"line":72,"column":7}},"72":{"start":{"line":73,"column":0},"end":{"line":73,"column":38}},"73":{"start":{"line":74,"column":0},"end":{"line":74,"column":31}},"74":{"start":{"line":75,"column":0},"end":{"line":75,"column":29}},"75":{"start":{"line":76,"column":0},"end":{"line":76,"column":83}},"76":{"start":{"line":77,"column":0},"end":{"line":77,"column":20}},"77":{"start":{"line":78,"column":0},"end":{"line":78,"column":47}},"78":{"start":{"line":79,"column":0},"end":{"line":79,"column":22}},"79":{"start":{"line":80,"column":0},"end":{"line":80,"column":37}},"80":{"start":{"line":81,"column":0},"end":{"line":81,"column":22}},"81":{"start":{"line":82,"column":0},"end":{"line":82,"column":22}},"82":{"start":{"line":83,"column":0},"end":{"line":83,"column":23}},"83":{"start":{"line":84,"column":0},"end":{"line":84,"column":27}},"84":{"start":{"line":85,"column":0},"end":{"line":85,"column":21}},"85":{"start":{"line":86,"column":0},"end":{"line":86,"column":9}},"86":{"start":{"line":87,"column":0},"end":{"line":87,"column":5}},"87":{"start":{"line":88,"column":0},"end":{"line":88,"column":60}},"88":{"start":{"line":89,"column":0},"end":{"line":89,"column":3}},"89":{"start":{"line":90,"column":0},"end":{"line":90,"column":0}},"90":{"start":{"line":91,"column":0},"end":{"line":91,"column":30}},"91":{"start":{"line":92,"column":0},"end":{"line":92,"column":21}},"92":{"start":{"line":93,"column":0},"end":{"line":93,"column":31}},"93":{"start":{"line":94,"column":0},"end":{"line":94,"column":3}},"94":{"start":{"line":95,"column":0},"end":{"line":95,"column":0}},"95":{"start":{"line":96,"column":0},"end":{"line":96,"column":17}},"96":{"start":{"line":97,"column":0},"end":{"line":97,"column":1}},"97":{"start":{"line":98,"column":0},"end":{"line":98,"column":0}},"98":{"start":{"line":99,"column":0},"end":{"line":99,"column":33}},"99":{"start":{"line":100,"column":0},"end":{"line":100,"column":22}},"100":{"start":{"line":101,"column":0},"end":{"line":101,"column":26}},"101":{"start":{"line":102,"column":0},"end":{"line":102,"column":28}},"102":{"start":{"line":103,"column":0},"end":{"line":103,"column":21}},"103":{"start":{"line":104,"column":0},"end":{"line":104,"column":15}},"104":{"start":{"line":105,"column":0},"end":{"line":105,"column":36}},"105":{"start":{"line":106,"column":0},"end":{"line":106,"column":19}},"106":{"start":{"line":107,"column":0},"end":{"line":107,"column":71}},"107":{"start":{"line":108,"column":0},"end":{"line":108,"column":19}},"108":{"start":{"line":109,"column":0},"end":{"line":109,"column":5}},"109":{"start":{"line":110,"column":0},"end":{"line":110,"column":0}},"110":{"start":{"line":111,"column":0},"end":{"line":111,"column":38}},"111":{"start":{"line":112,"column":0},"end":{"line":112,"column":95}},"112":{"start":{"line":113,"column":0},"end":{"line":113,"column":37}},"113":{"start":{"line":114,"column":0},"end":{"line":114,"column":65}},"114":{"start":{"line":115,"column":0},"end":{"line":115,"column":24}},"115":{"start":{"line":116,"column":0},"end":{"line":116,"column":50}},"116":{"start":{"line":117,"column":0},"end":{"line":117,"column":22}},"117":{"start":{"line":118,"column":0},"end":{"line":118,"column":9}},"118":{"start":{"line":119,"column":0},"end":{"line":119,"column":83}},"119":{"start":{"line":120,"column":0},"end":{"line":120,"column":64}},"120":{"start":{"line":121,"column":0},"end":{"line":121,"column":22}},"121":{"start":{"line":122,"column":0},"end":{"line":122,"column":9}},"122":{"start":{"line":123,"column":0},"end":{"line":123,"column":21}},"123":{"start":{"line":124,"column":0},"end":{"line":124,"column":9}},"124":{"start":{"line":125,"column":0},"end":{"line":125,"column":6}},"125":{"start":{"line":126,"column":0},"end":{"line":126,"column":21}},"126":{"start":{"line":127,"column":0},"end":{"line":127,"column":21}},"127":{"start":{"line":128,"column":0},"end":{"line":128,"column":7}},"128":{"start":{"line":129,"column":0},"end":{"line":129,"column":5}},"129":{"start":{"line":130,"column":0},"end":{"line":130,"column":0}},"130":{"start":{"line":131,"column":0},"end":{"line":131,"column":17}},"131":{"start":{"line":132,"column":0},"end":{"line":132,"column":91}},"132":{"start":{"line":133,"column":0},"end":{"line":133,"column":19}},"133":{"start":{"line":134,"column":0},"end":{"line":134,"column":5}},"134":{"start":{"line":135,"column":0},"end":{"line":135,"column":0}},"135":{"start":{"line":136,"column":0},"end":{"line":136,"column":16}},"136":{"start":{"line":137,"column":0},"end":{"line":137,"column":5}},"137":{"start":{"line":138,"column":0},"end":{"line":138,"column":1}},"138":{"start":{"line":139,"column":0},"end":{"line":139,"column":0}},"139":{"start":{"line":140,"column":0},"end":{"line":140,"column":72}},"140":{"start":{"line":141,"column":0},"end":{"line":141,"column":39}},"141":{"start":{"line":142,"column":0},"end":{"line":142,"column":62}},"142":{"start":{"line":143,"column":0},"end":{"line":143,"column":39}},"143":{"start":{"line":144,"column":0},"end":{"line":144,"column":1}},"144":{"start":{"line":145,"column":0},"end":{"line":145,"column":0}},"145":{"start":{"line":146,"column":0},"end":{"line":146,"column":67}},"146":{"start":{"line":147,"column":0},"end":{"line":147,"column":37}},"147":{"start":{"line":148,"column":0},"end":{"line":148,"column":54}},"148":{"start":{"line":149,"column":0},"end":{"line":149,"column":35}},"149":{"start":{"line":150,"column":0},"end":{"line":150,"column":1}}},"s":{"0":1,"1":1,"2":1,"3":1,"4":1,"5":1,"6":1,"7":1,"8":1,"9":1,"10":1,"11":1,"12":1,"13":1,"14":1,"15":1,"16":13,"17":13,"18":13,"19":13,"20":13,"21":13,"22":13,"23":27,"24":27,"25":27,"26":27,"27":27,"28":27,"29":27,"30":23,"31":23,"32":10,"33":10,"34":23,"35":23,"36":23,"37":23,"38":23,"39":23,"40":23,"41":23,"42":23,"43":20,"44":20,"45":20,"46":20,"47":20,"48":20,"49":20,"50":20,"51":23,"52":23,"53":23,"54":23,"55":23,"56":23,"57":23,"58":23,"59":23,"60":23,"61":23,"62":27,"63":3,"64":3,"65":3,"66":3,"67":2,"68":3,"69":1,"70":1,"71":1,"72":3,"73":3,"74":4,"75":1,"76":1,"77":1,"78":1,"79":1,"80":1,"81":1,"82":1,"83":1,"84":1,"85":1,"86":1,"87":27,"88":27,"89":13,"90":13,"91":13,"92":13,"93":13,"94":13,"95":13,"96":13,"97":1,"98":1,"99":15,"100":15,"101":15,"102":15,"103":15,"104":15,"105":39,"106":39,"107":7,"108":7,"109":32,"110":32,"111":32,"112":39,"113":10,"114":10,"115":10,"116":6,"117":6,"118":4,"119":10,"120":2,"121":2,"122":2,"123":10,"124":10,"125":10,"126":2,"127":2,"128":10,"129":30,"130":30,"131":39,"132":6,"133":6,"134":24,"135":24,"136":15,"137":15,"138":1,"139":1,"140":9,"141":9,"142":9,"143":9,"144":1,"145":1,"146":9,"147":9,"148":9,"149":9},"branchMap":{"0":{"type":"branch","line":16,"loc":{"start":{"line":16,"column":7},"end":{"line":97,"column":1}},"locations":[{"start":{"line":16,"column":7},"end":{"line":97,"column":1}}]},"1":{"type":"branch","line":23,"loc":{"start":{"line":23,"column":41},"end":{"line":89,"column":3}},"locations":[{"start":{"line":23,"column":41},"end":{"line":89,"column":3}}]},"2":{"type":"branch","line":30,"loc":{"start":{"line":30,"column":15},"end":{"line":63,"column":15}},"locations":[{"start":{"line":30,"column":15},"end":{"line":63,"column":15}}]},"3":{"type":"branch","line":32,"loc":{"start":{"line":32,"column":24},"end":{"line":34,"column":7}},"locations":[{"start":{"line":32,"column":24},"end":{"line":34,"column":7}}]},"4":{"type":"branch","line":37,"loc":{"start":{"line":37,"column":54},"end":{"line":37,"column":63}},"locations":[{"start":{"line":37,"column":54},"end":{"line":37,"column":63}}]},"5":{"type":"branch","line":38,"loc":{"start":{"line":38,"column":46},"end":{"line":38,"column":59}},"locations":[{"start":{"line":38,"column":46},"end":{"line":38,"column":59}}]},"6":{"type":"branch","line":39,"loc":{"start":{"line":39,"column":54},"end":{"line":39,"column":63}},"locations":[{"start":{"line":39,"column":54},"end":{"line":39,"column":63}}]},"7":{"type":"branch","line":40,"loc":{"start":{"line":40,"column":50},"end":{"line":40,"column":59}},"locations":[{"start":{"line":40,"column":50},"end":{"line":40,"column":59}}]},"8":{"type":"branch","line":43,"loc":{"start":{"line":43,"column":27},"end":{"line":43,"column":50}},"locations":[{"start":{"line":43,"column":27},"end":{"line":43,"column":50}}]},"9":{"type":"branch","line":43,"loc":{"start":{"line":43,"column":50},"end":{"line":51,"column":7}},"locations":[{"start":{"line":43,"column":50},"end":{"line":51,"column":7}}]},"10":{"type":"branch","line":63,"loc":{"start":{"line":63,"column":4},"end":{"line":87,"column":5}},"locations":[{"start":{"line":63,"column":4},"end":{"line":87,"column":5}}]},"11":{"type":"branch","line":63,"loc":{"start":{"line":63,"column":29},"end":{"line":75,"column":15}},"locations":[{"start":{"line":63,"column":29},"end":{"line":75,"column":15}}]},"12":{"type":"branch","line":67,"loc":{"start":{"line":67,"column":23},"end":{"line":69,"column":13}},"locations":[{"start":{"line":67,"column":23},"end":{"line":69,"column":13}}]},"13":{"type":"branch","line":69,"loc":{"start":{"line":69,"column":6},"end":{"line":72,"column":7}},"locations":[{"start":{"line":69,"column":6},"end":{"line":72,"column":7}}]},"14":{"type":"branch","line":75,"loc":{"start":{"line":75,"column":4},"end":{"line":87,"column":5}},"locations":[{"start":{"line":75,"column":4},"end":{"line":87,"column":5}}]},"15":{"type":"branch","line":99,"loc":{"start":{"line":99,"column":7},"end":{"line":138,"column":1}},"locations":[{"start":{"line":99,"column":7},"end":{"line":138,"column":1}}]},"16":{"type":"branch","line":105,"loc":{"start":{"line":105,"column":24},"end":{"line":137,"column":3}},"locations":[{"start":{"line":105,"column":24},"end":{"line":137,"column":3}}]},"17":{"type":"branch","line":107,"loc":{"start":{"line":107,"column":29},"end":{"line":107,"column":70}},"locations":[{"start":{"line":107,"column":29},"end":{"line":107,"column":70}}]},"18":{"type":"branch","line":107,"loc":{"start":{"line":107,"column":70},"end":{"line":109,"column":5}},"locations":[{"start":{"line":107,"column":70},"end":{"line":109,"column":5}}]},"19":{"type":"branch","line":109,"loc":{"start":{"line":109,"column":4},"end":{"line":113,"column":36}},"locations":[{"start":{"line":109,"column":4},"end":{"line":113,"column":36}}]},"20":{"type":"branch","line":113,"loc":{"start":{"line":113,"column":36},"end":{"line":129,"column":5}},"locations":[{"start":{"line":113,"column":36},"end":{"line":129,"column":5}}]},"21":{"type":"branch","line":126,"loc":{"start":{"line":126,"column":20},"end":{"line":128,"column":7}},"locations":[{"start":{"line":126,"column":20},"end":{"line":128,"column":7}}]},"22":{"type":"branch","line":129,"loc":{"start":{"line":129,"column":4},"end":{"line":132,"column":23}},"locations":[{"start":{"line":129,"column":4},"end":{"line":132,"column":23}}]},"23":{"type":"branch","line":132,"loc":{"start":{"line":132,"column":8},"end":{"line":132,"column":90}},"locations":[{"start":{"line":132,"column":8},"end":{"line":132,"column":90}}]},"24":{"type":"branch","line":132,"loc":{"start":{"line":132,"column":90},"end":{"line":134,"column":5}},"locations":[{"start":{"line":132,"column":90},"end":{"line":134,"column":5}}]},"25":{"type":"branch","line":134,"loc":{"start":{"line":134,"column":4},"end":{"line":136,"column":16}},"locations":[{"start":{"line":134,"column":4},"end":{"line":136,"column":16}}]},"26":{"type":"branch","line":114,"loc":{"start":{"line":114,"column":43},"end":{"line":124,"column":7}},"locations":[{"start":{"line":114,"column":43},"end":{"line":124,"column":7}}]},"27":{"type":"branch","line":116,"loc":{"start":{"line":116,"column":49},"end":{"line":118,"column":9}},"locations":[{"start":{"line":116,"column":49},"end":{"line":118,"column":9}}]},"28":{"type":"branch","line":118,"loc":{"start":{"line":118,"column":8},"end":{"line":120,"column":63}},"locations":[{"start":{"line":118,"column":8},"end":{"line":120,"column":63}}]},"29":{"type":"branch","line":120,"loc":{"start":{"line":120,"column":63},"end":{"line":123,"column":21}},"locations":[{"start":{"line":120,"column":63},"end":{"line":123,"column":21}}]},"30":{"type":"branch","line":140,"loc":{"start":{"line":140,"column":7},"end":{"line":144,"column":1}},"locations":[{"start":{"line":140,"column":7},"end":{"line":144,"column":1}}]},"31":{"type":"branch","line":142,"loc":{"start":{"line":142,"column":18},"end":{"line":142,"column":60}},"locations":[{"start":{"line":142,"column":18},"end":{"line":142,"column":60}}]},"32":{"type":"branch","line":146,"loc":{"start":{"line":146,"column":7},"end":{"line":150,"column":1}},"locations":[{"start":{"line":146,"column":7},"end":{"line":150,"column":1}}]},"33":{"type":"branch","line":148,"loc":{"start":{"line":148,"column":18},"end":{"line":148,"column":52}},"locations":[{"start":{"line":148,"column":18},"end":{"line":148,"column":52}}]}},"b":{"0":[13],"1":[27],"2":[23],"3":[10],"4":[0],"5":[0],"6":[0],"7":[1],"8":[21],"9":[20],"10":[4],"11":[3],"12":[2],"13":[1],"14":[1],"15":[15],"16":[39],"17":[12],"18":[7],"19":[32],"20":[10],"21":[2],"22":[30],"23":[10],"24":[6],"25":[24],"26":[10],"27":[6],"28":[4],"29":[2],"30":[9],"31":[10],"32":[9],"33":[10]},"fnMap":{"0":{"name":"parseLogFile","decl":{"start":{"line":16,"column":7},"end":{"line":97,"column":1}},"loc":{"start":{"line":16,"column":7},"end":{"line":97,"column":1}},"line":16},"1":{"name":"filterLogEntries","decl":{"start":{"line":99,"column":7},"end":{"line":138,"column":1}},"loc":{"start":{"line":99,"column":7},"end":{"line":138,"column":1}},"line":99},"2":{"name":"extractUniqueNamespaces","decl":{"start":{"line":140,"column":7},"end":{"line":144,"column":1}},"loc":{"start":{"line":140,"column":7},"end":{"line":144,"column":1}},"line":140},"3":{"name":"extractLogLevels","decl":{"start":{"line":146,"column":7},"end":{"line":150,"column":1}},"loc":{"start":{"line":146,"column":7},"end":{"line":150,"column":1}},"line":146}},"f":{"0":13,"1":15,"2":9,"3":9}}
,"D:\\LogStudio\\src\\renderer\\utils\\settings.ts": {"path":"D:\\LogStudio\\src\\renderer\\utils\\settings.ts","all":false,"statementMap":{"0":{"start":{"line":1,"column":0},"end":{"line":1,"column":41}},"1":{"start":{"line":2,"column":0},"end":{"line":2,"column":0}},"2":{"start":{"line":3,"column":0},"end":{"line":3,"column":42}},"3":{"start":{"line":4,"column":0},"end":{"line":4,"column":35}},"4":{"start":{"line":5,"column":0},"end":{"line":5,"column":100}},"5":{"start":{"line":6,"column":0},"end":{"line":6,"column":45}},"6":{"start":{"line":7,"column":0},"end":{"line":7,"column":11}},"7":{"start":{"line":8,"column":0},"end":{"line":8,"column":17}},"8":{"start":{"line":9,"column":0},"end":{"line":9,"column":13}},"9":{"start":{"line":10,"column":0},"end":{"line":10,"column":17}},"10":{"start":{"line":11,"column":0},"end":{"line":11,"column":15}},"11":{"start":{"line":12,"column":0},"end":{"line":12,"column":4}},"12":{"start":{"line":13,"column":0},"end":{"line":13,"column":2}},"13":{"start":{"line":14,"column":0},"end":{"line":14,"column":0}},"14":{"start":{"line":15,"column":0},"end":{"line":15,"column":30}},"15":{"start":{"line":16,"column":0},"end":{"line":16,"column":23}},"16":{"start":{"line":17,"column":0},"end":{"line":17,"column":23}},"17":{"start":{"line":18,"column":0},"end":{"line":18,"column":23}},"18":{"start":{"line":19,"column":0},"end":{"line":19,"column":26}},"19":{"start":{"line":20,"column":0},"end":{"line":20,"column":19}},"20":{"start":{"line":21,"column":0},"end":{"line":21,"column":26}},"21":{"start":{"line":22,"column":0},"end":{"line":22,"column":1}},"22":{"start":{"line":23,"column":0},"end":{"line":23,"column":0}},"23":{"start":{"line":24,"column":0},"end":{"line":24,"column":39}},"24":{"start":{"line":25,"column":0},"end":{"line":25,"column":28}},"25":{"start":{"line":26,"column":0},"end":{"line":26,"column":19}},"26":{"start":{"line":27,"column":0},"end":{"line":27,"column":20}},"27":{"start":{"line":28,"column":0},"end":{"line":28,"column":24}},"28":{"start":{"line":29,"column":0},"end":{"line":29,"column":15}},"29":{"start":{"line":30,"column":0},"end":{"line":30,"column":16}},"30":{"start":{"line":31,"column":0},"end":{"line":31,"column":2}},"31":{"start":{"line":32,"column":0},"end":{"line":32,"column":0}},"32":{"start":{"line":33,"column":0},"end":{"line":33,"column":45}},"33":{"start":{"line":34,"column":0},"end":{"line":34,"column":7}},"34":{"start":{"line":35,"column":0},"end":{"line":35,"column":54}},"35":{"start":{"line":36,"column":0},"end":{"line":36,"column":17}},"36":{"start":{"line":37,"column":0},"end":{"line":37,"column":40}},"37":{"start":{"line":38,"column":0},"end":{"line":38,"column":48}},"38":{"start":{"line":39,"column":0},"end":{"line":39,"column":5}},"39":{"start":{"line":40,"column":0},"end":{"line":40,"column":19}},"40":{"start":{"line":41,"column":0},"end":{"line":41,"column":52}},"41":{"start":{"line":42,"column":0},"end":{"line":42,"column":3}},"42":{"start":{"line":43,"column":0},"end":{"line":43,"column":26}},"43":{"start":{"line":44,"column":0},"end":{"line":44,"column":1}},"44":{"start":{"line":45,"column":0},"end":{"line":45,"column":0}},"45":{"start":{"line":46,"column":0},"end":{"line":46,"column":59}},"46":{"start":{"line":47,"column":0},"end":{"line":47,"column":7}},"47":{"start":{"line":48,"column":0},"end":{"line":48,"column":65}},"48":{"start":{"line":49,"column":0},"end":{"line":49,"column":19}},"49":{"start":{"line":50,"column":0},"end":{"line":50,"column":51}},"50":{"start":{"line":51,"column":0},"end":{"line":51,"column":3}},"51":{"start":{"line":52,"column":0},"end":{"line":52,"column":1}}},"s":{"0":1,"1":1,"2":1,"3":1,"4":1,"5":1,"6":1,"7":1,"8":1,"9":1,"10":1,"11":1,"12":1,"13":1,"14":1,"15":1,"16":1,"17":1,"18":1,"19":1,"20":1,"21":1,"22":1,"23":1,"24":1,"25":1,"26":1,"27":1,"28":1,"29":1,"30":1,"31":1,"32":1,"33":7,"34":7,"35":7,"36":3,"37":3,"38":3,"39":7,"40":1,"41":1,"42":5,"43":5,"44":1,"45":1,"46":5,"47":5,"48":5,"49":1,"50":1,"51":5},"branchMap":{"0":{"type":"branch","line":33,"loc":{"start":{"line":33,"column":7},"end":{"line":44,"column":1}},"locations":[{"start":{"line":33,"column":7},"end":{"line":44,"column":1}}]},"1":{"type":"branch","line":36,"loc":{"start":{"line":36,"column":16},"end":{"line":39,"column":5}},"locations":[{"start":{"line":36,"column":16},"end":{"line":39,"column":5}}]},"2":{"type":"branch","line":40,"loc":{"start":{"line":40,"column":2},"end":{"line":42,"column":3}},"locations":[{"start":{"line":40,"column":2},"end":{"line":42,"column":3}}]},"3":{"type":"branch","line":42,"loc":{"start":{"line":42,"column":2},"end":{"line":44,"column":1}},"locations":[{"start":{"line":42,"column":2},"end":{"line":44,"column":1}}]},"4":{"type":"branch","line":46,"loc":{"start":{"line":46,"column":7},"end":{"line":52,"column":1}},"locations":[{"start":{"line":46,"column":7},"end":{"line":52,"column":1}}]},"5":{"type":"branch","line":49,"loc":{"start":{"line":49,"column":2},"end":{"line":51,"column":3}},"locations":[{"start":{"line":49,"column":2},"end":{"line":51,"column":3}}]}},"b":{"0":[7],"1":[3],"2":[1],"3":[5],"4":[5],"5":[1]},"fnMap":{"0":{"name":"loadSettings","decl":{"start":{"line":33,"column":7},"end":{"line":44,"column":1}},"loc":{"start":{"line":33,"column":7},"end":{"line":44,"column":1}},"line":33},"1":{"name":"saveSettings","decl":{"start":{"line":46,"column":7},"end":{"line":52,"column":1}},"loc":{"start":{"line":46,"column":7},"end":{"line":52,"column":1}},"line":46}},"f":{"0":7,"1":5}}
}
